{"C:\\Users\\anast\\OneDrive\\Робочий стіл\\students_site_hexagonal_architecture\\config.js": {"path":"C:\\Users\\anast\\OneDrive\\Робочий стіл\\students_site_hexagonal_architecture\\config.js","statementMap":{"0":{"start":{"line":1,"column":0},"end":{"line":16,"column":2}}},"fnMap":{},"branchMap":{"0":{"loc":{"start":{"line":3,"column":10},"end":{"line":3,"column":44}},"type":"binary-expr","locations":[{"start":{"line":3,"column":10},"end":{"line":3,"column":29}},{"start":{"line":3,"column":33},"end":{"line":3,"column":44}}],"line":3},"1":{"loc":{"start":{"line":4,"column":10},"end":{"line":4,"column":37}},"type":"binary-expr","locations":[{"start":{"line":4,"column":10},"end":{"line":4,"column":29}},{"start":{"line":4,"column":33},"end":{"line":4,"column":37}}],"line":4},"2":{"loc":{"start":{"line":5,"column":10},"end":{"line":5,"column":43}},"type":"binary-expr","locations":[{"start":{"line":5,"column":10},"end":{"line":5,"column":29}},{"start":{"line":5,"column":33},"end":{"line":5,"column":43}}],"line":5},"3":{"loc":{"start":{"line":6,"column":14},"end":{"line":6,"column":51}},"type":"binary-expr","locations":[{"start":{"line":6,"column":14},"end":{"line":6,"column":37}},{"start":{"line":6,"column":41},"end":{"line":6,"column":51}}],"line":6},"4":{"loc":{"start":{"line":7,"column":14},"end":{"line":7,"column":50}},"type":"binary-expr","locations":[{"start":{"line":7,"column":14},"end":{"line":7,"column":33}},{"start":{"line":7,"column":37},"end":{"line":7,"column":50}}],"line":7},"5":{"loc":{"start":{"line":10,"column":10},"end":{"line":10,"column":47}},"type":"binary-expr","locations":[{"start":{"line":10,"column":10},"end":{"line":10,"column":32}},{"start":{"line":10,"column":36},"end":{"line":10,"column":47}}],"line":10},"6":{"loc":{"start":{"line":11,"column":10},"end":{"line":11,"column":40}},"type":"binary-expr","locations":[{"start":{"line":11,"column":10},"end":{"line":11,"column":32}},{"start":{"line":11,"column":36},"end":{"line":11,"column":40}}],"line":11},"7":{"loc":{"start":{"line":14,"column":10},"end":{"line":14,"column":34}},"type":"binary-expr","locations":[{"start":{"line":14,"column":10},"end":{"line":14,"column":26}},{"start":{"line":14,"column":30},"end":{"line":14,"column":34}}],"line":14}},"s":{"0":18},"f":{},"b":{"0":[18,18],"1":[18,18],"2":[18,18],"3":[18,18],"4":[18,18],"5":[18,18],"6":[18,18],"7":[18,18]},"_coverageSchema":"1a1c01bbd47fc00a2c39e90264f33305004495a9","hash":"74d0ede69707a8af6838ff73b24a8ab90c6a85da"}
,"C:\\Users\\anast\\OneDrive\\Робочий стіл\\students_site_hexagonal_architecture\\application\\services\\ApplicationService.js": {"path":"C:\\Users\\anast\\OneDrive\\Робочий стіл\\students_site_hexagonal_architecture\\application\\services\\ApplicationService.js","statementMap":{"0":{"start":{"line":1,"column":22},"end":{"line":1,"column":42}},"1":{"start":{"line":2,"column":40},"end":{"line":2,"column":87}},"2":{"start":{"line":3,"column":26},"end":{"line":3,"column":67}},"3":{"start":{"line":4,"column":18},"end":{"line":4,"column":68}},"4":{"start":{"line":8,"column":4},"end":{"line":8,"column":74}},"5":{"start":{"line":9,"column":4},"end":{"line":9,"column":55}},"6":{"start":{"line":13,"column":4},"end":{"line":13,"column":59}},"7":{"start":{"line":17,"column":4},"end":{"line":40,"column":7}},"8":{"start":{"line":44,"column":4},"end":{"line":44,"column":57}},"9":{"start":{"line":48,"column":4},"end":{"line":48,"column":55}},"10":{"start":{"line":52,"column":0},"end":{"line":52,"column":36}}},"fnMap":{"0":{"name":"(anonymous_0)","decl":{"start":{"line":7,"column":2},"end":{"line":7,"column":3}},"loc":{"start":{"line":7,"column":37},"end":{"line":10,"column":3}},"line":7},"1":{"name":"(anonymous_1)","decl":{"start":{"line":12,"column":2},"end":{"line":12,"column":3}},"loc":{"start":{"line":12,"column":32},"end":{"line":14,"column":3}},"line":12},"2":{"name":"(anonymous_2)","decl":{"start":{"line":16,"column":2},"end":{"line":16,"column":3}},"loc":{"start":{"line":16,"column":29},"end":{"line":41,"column":3}},"line":16},"3":{"name":"(anonymous_3)","decl":{"start":{"line":43,"column":2},"end":{"line":43,"column":3}},"loc":{"start":{"line":43,"column":31},"end":{"line":45,"column":3}},"line":43},"4":{"name":"(anonymous_4)","decl":{"start":{"line":47,"column":2},"end":{"line":47,"column":3}},"loc":{"start":{"line":47,"column":30},"end":{"line":49,"column":3}},"line":47}},"branchMap":{},"s":{"0":3,"1":3,"2":3,"3":3,"4":8,"5":8,"6":2,"7":2,"8":2,"9":2,"10":3},"f":{"0":8,"1":2,"2":2,"3":2,"4":2},"b":{},"_coverageSchema":"1a1c01bbd47fc00a2c39e90264f33305004495a9","hash":"59d0ffa0e6ca824e26b559aafac98750bea53bed"}
,"C:\\Users\\anast\\OneDrive\\Робочий стіл\\students_site_hexagonal_architecture\\application\\services\\BenefitService.js": {"path":"C:\\Users\\anast\\OneDrive\\Робочий стіл\\students_site_hexagonal_architecture\\application\\services\\BenefitService.js","statementMap":{"0":{"start":{"line":1,"column":26},"end":{"line":1,"column":88}},"1":{"start":{"line":5,"column":4},"end":{"line":5,"column":41}},"2":{"start":{"line":6,"column":4},"end":{"line":13,"column":5}},"3":{"start":{"line":7,"column":23},"end":{"line":7,"column":56}},"4":{"start":{"line":8,"column":6},"end":{"line":8,"column":48}},"5":{"start":{"line":9,"column":6},"end":{"line":9,"column":22}},"6":{"start":{"line":11,"column":6},"end":{"line":11,"column":73}},"7":{"start":{"line":12,"column":6},"end":{"line":12,"column":18}},"8":{"start":{"line":17,"column":4},"end":{"line":17,"column":47}},"9":{"start":{"line":21,"column":4},"end":{"line":21,"column":53}},"10":{"start":{"line":25,"column":4},"end":{"line":25,"column":60}},"11":{"start":{"line":29,"column":0},"end":{"line":29,"column":32}}},"fnMap":{"0":{"name":"(anonymous_0)","decl":{"start":{"line":4,"column":2},"end":{"line":4,"column":3}},"loc":{"start":{"line":4,"column":29},"end":{"line":14,"column":3}},"line":4},"1":{"name":"(anonymous_1)","decl":{"start":{"line":16,"column":2},"end":{"line":16,"column":3}},"loc":{"start":{"line":16,"column":33},"end":{"line":18,"column":3}},"line":16},"2":{"name":"(anonymous_2)","decl":{"start":{"line":20,"column":2},"end":{"line":20,"column":3}},"loc":{"start":{"line":20,"column":27},"end":{"line":22,"column":3}},"line":20},"3":{"name":"(anonymous_3)","decl":{"start":{"line":24,"column":2},"end":{"line":24,"column":3}},"loc":{"start":{"line":24,"column":35},"end":{"line":26,"column":3}},"line":24}},"branchMap":{},"s":{"0":2,"1":2,"2":2,"3":2,"4":1,"5":1,"6":1,"7":1,"8":7,"9":3,"10":2,"11":2},"f":{"0":2,"1":7,"2":3,"3":2},"b":{},"_coverageSchema":"1a1c01bbd47fc00a2c39e90264f33305004495a9","hash":"457f95aeec0463d7a79d23da9560d88658d8987a"}
,"C:\\Users\\anast\\OneDrive\\Робочий стіл\\students_site_hexagonal_architecture\\application\\services\\DormitoryService.js": {"path":"C:\\Users\\anast\\OneDrive\\Робочий стіл\\students_site_hexagonal_architecture\\application\\services\\DormitoryService.js","statementMap":{"0":{"start":{"line":2,"column":28},"end":{"line":2,"column":92}},"1":{"start":{"line":6,"column":4},"end":{"line":6,"column":57}},"2":{"start":{"line":10,"column":4},"end":{"line":10,"column":52}},"3":{"start":{"line":11,"column":4},"end":{"line":16,"column":5}},"4":{"start":{"line":12,"column":6},"end":{"line":12,"column":57}},"5":{"start":{"line":14,"column":6},"end":{"line":14,"column":78}},"6":{"start":{"line":15,"column":6},"end":{"line":15,"column":18}},"7":{"start":{"line":20,"column":4},"end":{"line":20,"column":44}},"8":{"start":{"line":21,"column":4},"end":{"line":26,"column":5}},"9":{"start":{"line":22,"column":6},"end":{"line":22,"column":54}},"10":{"start":{"line":24,"column":6},"end":{"line":24,"column":79}},"11":{"start":{"line":25,"column":6},"end":{"line":25,"column":18}},"12":{"start":{"line":30,"column":4},"end":{"line":30,"column":66}},"13":{"start":{"line":31,"column":4},"end":{"line":36,"column":5}},"14":{"start":{"line":32,"column":6},"end":{"line":32,"column":78}},"15":{"start":{"line":34,"column":6},"end":{"line":34,"column":81}},"16":{"start":{"line":35,"column":6},"end":{"line":35,"column":18}},"17":{"start":{"line":39,"column":4},"end":{"line":39,"column":64}},"18":{"start":{"line":43,"column":0},"end":{"line":43,"column":34}}},"fnMap":{"0":{"name":"(anonymous_0)","decl":{"start":{"line":5,"column":2},"end":{"line":5,"column":3}},"loc":{"start":{"line":5,"column":16},"end":{"line":7,"column":3}},"line":5},"1":{"name":"(anonymous_1)","decl":{"start":{"line":9,"column":2},"end":{"line":9,"column":3}},"loc":{"start":{"line":9,"column":29},"end":{"line":17,"column":3}},"line":9},"2":{"name":"(anonymous_2)","decl":{"start":{"line":19,"column":2},"end":{"line":19,"column":3}},"loc":{"start":{"line":19,"column":28},"end":{"line":27,"column":3}},"line":19},"3":{"name":"(anonymous_3)","decl":{"start":{"line":29,"column":2},"end":{"line":29,"column":3}},"loc":{"start":{"line":29,"column":41},"end":{"line":37,"column":3}},"line":29},"4":{"name":"(anonymous_4)","decl":{"start":{"line":38,"column":2},"end":{"line":38,"column":3}},"loc":{"start":{"line":38,"column":29},"end":{"line":40,"column":3}},"line":38}},"branchMap":{},"s":{"0":2,"1":11,"2":3,"3":3,"4":3,"5":1,"6":1,"7":2,"8":2,"9":2,"10":1,"11":1,"12":3,"13":3,"14":3,"15":1,"16":1,"17":3,"18":2},"f":{"0":11,"1":3,"2":2,"3":3,"4":3},"b":{},"_coverageSchema":"1a1c01bbd47fc00a2c39e90264f33305004495a9","hash":"d2539c7b6044274e42b338fc6554ffc0f1727d1b"}
,"C:\\Users\\anast\\OneDrive\\Робочий стіл\\students_site_hexagonal_architecture\\application\\services\\FacultyService.js": {"path":"C:\\Users\\anast\\OneDrive\\Робочий стіл\\students_site_hexagonal_architecture\\application\\services\\FacultyService.js","statementMap":{"0":{"start":{"line":1,"column":26},"end":{"line":1,"column":88}},"1":{"start":{"line":5,"column":4},"end":{"line":5,"column":47}},"2":{"start":{"line":9,"column":4},"end":{"line":9,"column":42}},"3":{"start":{"line":10,"column":4},"end":{"line":17,"column":5}},"4":{"start":{"line":11,"column":24},"end":{"line":11,"column":57}},"5":{"start":{"line":12,"column":6},"end":{"line":12,"column":50}},"6":{"start":{"line":13,"column":6},"end":{"line":13,"column":23}},"7":{"start":{"line":15,"column":6},"end":{"line":15,"column":74}},"8":{"start":{"line":16,"column":6},"end":{"line":16,"column":18}},"9":{"start":{"line":21,"column":4},"end":{"line":21,"column":53}},"10":{"start":{"line":25,"column":4},"end":{"line":25,"column":60}},"11":{"start":{"line":29,"column":4},"end":{"line":29,"column":64}},"12":{"start":{"line":33,"column":4},"end":{"line":33,"column":51}},"13":{"start":{"line":37,"column":0},"end":{"line":37,"column":32}}},"fnMap":{"0":{"name":"(anonymous_0)","decl":{"start":{"line":4,"column":2},"end":{"line":4,"column":3}},"loc":{"start":{"line":4,"column":33},"end":{"line":6,"column":3}},"line":4},"1":{"name":"(anonymous_1)","decl":{"start":{"line":8,"column":2},"end":{"line":8,"column":3}},"loc":{"start":{"line":8,"column":30},"end":{"line":18,"column":3}},"line":8},"2":{"name":"(anonymous_2)","decl":{"start":{"line":20,"column":2},"end":{"line":20,"column":3}},"loc":{"start":{"line":20,"column":27},"end":{"line":22,"column":3}},"line":20},"3":{"name":"(anonymous_3)","decl":{"start":{"line":24,"column":2},"end":{"line":24,"column":3}},"loc":{"start":{"line":24,"column":35},"end":{"line":26,"column":3}},"line":24},"4":{"name":"(anonymous_4)","decl":{"start":{"line":28,"column":2},"end":{"line":28,"column":3}},"loc":{"start":{"line":28,"column":39},"end":{"line":30,"column":3}},"line":28},"5":{"name":"(anonymous_5)","decl":{"start":{"line":32,"column":2},"end":{"line":32,"column":3}},"loc":{"start":{"line":32,"column":26},"end":{"line":34,"column":3}},"line":32}},"branchMap":{},"s":{"0":2,"1":13,"2":2,"3":2,"4":2,"5":1,"6":1,"7":1,"8":1,"9":3,"10":2,"11":3,"12":3,"13":2},"f":{"0":13,"1":2,"2":3,"3":2,"4":3,"5":3},"b":{},"_coverageSchema":"1a1c01bbd47fc00a2c39e90264f33305004495a9","hash":"e3f6bf652d9c86cd21b8588948c285071ae7121a"}
,"C:\\Users\\anast\\OneDrive\\Робочий стіл\\students_site_hexagonal_architecture\\application\\services\\PriceService.js": {"path":"C:\\Users\\anast\\OneDrive\\Робочий стіл\\students_site_hexagonal_architecture\\application\\services\\PriceService.js","statementMap":{"0":{"start":{"line":1,"column":24},"end":{"line":1,"column":84}},"1":{"start":{"line":5,"column":4},"end":{"line":5,"column":49}},"2":{"start":{"line":9,"column":4},"end":{"line":9,"column":39}},"3":{"start":{"line":10,"column":4},"end":{"line":15,"column":5}},"4":{"start":{"line":11,"column":6},"end":{"line":11,"column":50}},"5":{"start":{"line":13,"column":6},"end":{"line":13,"column":71}},"6":{"start":{"line":14,"column":6},"end":{"line":14,"column":18}},"7":{"start":{"line":19,"column":4},"end":{"line":19,"column":66}},"8":{"start":{"line":20,"column":4},"end":{"line":25,"column":5}},"9":{"start":{"line":21,"column":6},"end":{"line":21,"column":71}},"10":{"start":{"line":23,"column":6},"end":{"line":23,"column":83}},"11":{"start":{"line":24,"column":6},"end":{"line":24,"column":18}},"12":{"start":{"line":29,"column":0},"end":{"line":29,"column":30}}},"fnMap":{"0":{"name":"(anonymous_0)","decl":{"start":{"line":4,"column":2},"end":{"line":4,"column":3}},"loc":{"start":{"line":4,"column":16},"end":{"line":6,"column":3}},"line":4},"1":{"name":"(anonymous_1)","decl":{"start":{"line":8,"column":2},"end":{"line":8,"column":3}},"loc":{"start":{"line":8,"column":20},"end":{"line":16,"column":3}},"line":8},"2":{"name":"(anonymous_2)","decl":{"start":{"line":18,"column":2},"end":{"line":18,"column":3}},"loc":{"start":{"line":18,"column":43},"end":{"line":26,"column":3}},"line":18}},"branchMap":{},"s":{"0":1,"1":5,"2":2,"3":2,"4":2,"5":1,"6":1,"7":3,"8":3,"9":3,"10":1,"11":1,"12":1},"f":{"0":5,"1":2,"2":3},"b":{},"_coverageSchema":"1a1c01bbd47fc00a2c39e90264f33305004495a9","hash":"7c2f0b658522e8ff534f8fccd2d8021112fabef6"}
,"C:\\Users\\anast\\OneDrive\\Робочий стіл\\students_site_hexagonal_architecture\\application\\services\\SpecialtyService.js": {"path":"C:\\Users\\anast\\OneDrive\\Робочий стіл\\students_site_hexagonal_architecture\\application\\services\\SpecialtyService.js","statementMap":{"0":{"start":{"line":1,"column":28},"end":{"line":1,"column":92}},"1":{"start":{"line":5,"column":4},"end":{"line":5,"column":51}},"2":{"start":{"line":9,"column":4},"end":{"line":9,"column":44}},"3":{"start":{"line":10,"column":4},"end":{"line":17,"column":5}},"4":{"start":{"line":11,"column":26},"end":{"line":11,"column":61}},"5":{"start":{"line":12,"column":6},"end":{"line":12,"column":54}},"6":{"start":{"line":13,"column":6},"end":{"line":13,"column":25}},"7":{"start":{"line":15,"column":6},"end":{"line":15,"column":76}},"8":{"start":{"line":16,"column":6},"end":{"line":16,"column":18}},"9":{"start":{"line":21,"column":4},"end":{"line":21,"column":55}},"10":{"start":{"line":25,"column":4},"end":{"line":25,"column":63}},"11":{"start":{"line":26,"column":4},"end":{"line":26,"column":69}},"12":{"start":{"line":30,"column":0},"end":{"line":30,"column":34}}},"fnMap":{"0":{"name":"(anonymous_0)","decl":{"start":{"line":4,"column":2},"end":{"line":4,"column":3}},"loc":{"start":{"line":4,"column":35},"end":{"line":6,"column":3}},"line":4},"1":{"name":"(anonymous_1)","decl":{"start":{"line":8,"column":2},"end":{"line":8,"column":3}},"loc":{"start":{"line":8,"column":32},"end":{"line":18,"column":3}},"line":8},"2":{"name":"(anonymous_2)","decl":{"start":{"line":20,"column":2},"end":{"line":20,"column":3}},"loc":{"start":{"line":20,"column":29},"end":{"line":22,"column":3}},"line":20},"3":{"name":"(anonymous_3)","decl":{"start":{"line":24,"column":2},"end":{"line":24,"column":3}},"loc":{"start":{"line":24,"column":43},"end":{"line":27,"column":3}},"line":24}},"branchMap":{},"s":{"0":2,"1":7,"2":2,"3":2,"4":2,"5":1,"6":1,"7":1,"8":1,"9":2,"10":2,"11":2,"12":2},"f":{"0":7,"1":2,"2":2,"3":2},"b":{},"_coverageSchema":"1a1c01bbd47fc00a2c39e90264f33305004495a9","hash":"1b24af9cf7758299b78d20ae287a7471c7dd0e02"}
,"C:\\Users\\anast\\OneDrive\\Робочий стіл\\students_site_hexagonal_architecture\\application\\services\\StudentService.js": {"path":"C:\\Users\\anast\\OneDrive\\Робочий стіл\\students_site_hexagonal_architecture\\application\\services\\StudentService.js","statementMap":{"0":{"start":{"line":1,"column":15},"end":{"line":1,"column":35}},"1":{"start":{"line":5,"column":4},"end":{"line":5,"column":47}},"2":{"start":{"line":9,"column":4},"end":{"line":9,"column":60}},"3":{"start":{"line":13,"column":4},"end":{"line":13,"column":68}},"4":{"start":{"line":18,"column":0},"end":{"line":18,"column":32}}},"fnMap":{"0":{"name":"(anonymous_0)","decl":{"start":{"line":4,"column":2},"end":{"line":4,"column":3}},"loc":{"start":{"line":4,"column":33},"end":{"line":6,"column":3}},"line":4},"1":{"name":"(anonymous_1)","decl":{"start":{"line":8,"column":2},"end":{"line":8,"column":3}},"loc":{"start":{"line":8,"column":35},"end":{"line":10,"column":3}},"line":8},"2":{"name":"(anonymous_2)","decl":{"start":{"line":12,"column":2},"end":{"line":12,"column":3}},"loc":{"start":{"line":12,"column":58},"end":{"line":14,"column":3}},"line":12}},"branchMap":{"0":{"loc":{"start":{"line":12,"column":23},"end":{"line":12,"column":56}},"type":"default-arg","locations":[{"start":{"line":12,"column":54},"end":{"line":12,"column":56}}],"line":12},"1":{"loc":{"start":{"line":12,"column":25},"end":{"line":12,"column":35}},"type":"default-arg","locations":[{"start":{"line":12,"column":33},"end":{"line":12,"column":35}}],"line":12},"2":{"loc":{"start":{"line":12,"column":37},"end":{"line":12,"column":49}},"type":"default-arg","locations":[{"start":{"line":12,"column":47},"end":{"line":12,"column":49}}],"line":12}},"s":{"0":2,"1":5,"2":2,"3":3,"4":2},"f":{"0":5,"1":2,"2":3},"b":{"0":[2],"1":[2],"2":[2]},"_coverageSchema":"1a1c01bbd47fc00a2c39e90264f33305004495a9","hash":"1f3a4f1050c2afd44e3093aee9bfc645a5254951"}
,"C:\\Users\\anast\\OneDrive\\Робочий стіл\\students_site_hexagonal_architecture\\application\\services\\SuperintendentService.js": {"path":"C:\\Users\\anast\\OneDrive\\Робочий стіл\\students_site_hexagonal_architecture\\application\\services\\SuperintendentService.js","statementMap":{"0":{"start":{"line":1,"column":15},"end":{"line":1,"column":32}},"1":{"start":{"line":2,"column":15},"end":{"line":2,"column":35}},"2":{"start":{"line":3,"column":55},"end":{"line":3,"column":102}},"3":{"start":{"line":4,"column":19},"end":{"line":4,"column":53}},"4":{"start":{"line":5,"column":27},"end":{"line":5,"column":58}},"5":{"start":{"line":6,"column":23},"end":{"line":6,"column":50}},"6":{"start":{"line":7,"column":25},"end":{"line":7,"column":54}},"7":{"start":{"line":8,"column":33},"end":{"line":8,"column":102}},"8":{"start":{"line":9,"column":30},"end":{"line":9,"column":96}},"9":{"start":{"line":10,"column":26},"end":{"line":10,"column":88}},"10":{"start":{"line":11,"column":28},"end":{"line":11,"column":92}},"11":{"start":{"line":15,"column":4},"end":{"line":15,"column":82}},"12":{"start":{"line":16,"column":4},"end":{"line":16,"column":70}},"13":{"start":{"line":17,"column":4},"end":{"line":17,"column":76}},"14":{"start":{"line":18,"column":4},"end":{"line":18,"column":67}},"15":{"start":{"line":19,"column":4},"end":{"line":19,"column":81}},"16":{"start":{"line":23,"column":4},"end":{"line":23,"column":62}},"17":{"start":{"line":27,"column":4},"end":{"line":44,"column":7}},"18":{"start":{"line":48,"column":22},"end":{"line":48,"column":67}},"19":{"start":{"line":49,"column":17},"end":{"line":49,"column":44}},"20":{"start":{"line":50,"column":22},"end":{"line":50,"column":44}},"21":{"start":{"line":51,"column":4},"end":{"line":58,"column":6}},"22":{"start":{"line":62,"column":21},"end":{"line":62,"column":62}},"23":{"start":{"line":63,"column":4},"end":{"line":63,"column":71}},"24":{"start":{"line":63,"column":37},"end":{"line":63,"column":69}},"25":{"start":{"line":67,"column":4},"end":{"line":79,"column":6}},"26":{"start":{"line":83,"column":32},"end":{"line":86,"column":6}},"27":{"start":{"line":88,"column":4},"end":{"line":90,"column":5}},"28":{"start":{"line":89,"column":6},"end":{"line":89,"column":52}},"29":{"start":{"line":92,"column":20},"end":{"line":92,"column":96}},"30":{"start":{"line":93,"column":4},"end":{"line":93,"column":77}},"31":{"start":{"line":94,"column":4},"end":{"line":94,"column":68}},"32":{"start":{"line":98,"column":4},"end":{"line":98,"column":68}},"33":{"start":{"line":102,"column":27},"end":{"line":102,"column":81}},"34":{"start":{"line":103,"column":4},"end":{"line":105,"column":5}},"35":{"start":{"line":104,"column":6},"end":{"line":104,"column":51}},"36":{"start":{"line":106,"column":4},"end":{"line":106,"column":26}},"37":{"start":{"line":110,"column":18},"end":{"line":110,"column":20}},"38":{"start":{"line":111,"column":4},"end":{"line":111,"column":68}},"39":{"start":{"line":111,"column":18},"end":{"line":111,"column":68}},"40":{"start":{"line":112,"column":4},"end":{"line":112,"column":71}},"41":{"start":{"line":112,"column":19},"end":{"line":112,"column":71}},"42":{"start":{"line":113,"column":4},"end":{"line":113,"column":74}},"43":{"start":{"line":113,"column":20},"end":{"line":113,"column":74}},"44":{"start":{"line":114,"column":4},"end":{"line":114,"column":59}},"45":{"start":{"line":114,"column":23},"end":{"line":114,"column":59}},"46":{"start":{"line":116,"column":20},"end":{"line":133,"column":6}},"47":{"start":{"line":135,"column":21},"end":{"line":135,"column":81}},"48":{"start":{"line":136,"column":4},"end":{"line":136,"column":71}},"49":{"start":{"line":136,"column":37},"end":{"line":136,"column":69}},"50":{"start":{"line":140,"column":0},"end":{"line":140,"column":39}}},"fnMap":{"0":{"name":"(anonymous_0)","decl":{"start":{"line":14,"column":2},"end":{"line":14,"column":3}},"loc":{"start":{"line":14,"column":16},"end":{"line":20,"column":3}},"line":14},"1":{"name":"(anonymous_1)","decl":{"start":{"line":22,"column":2},"end":{"line":22,"column":3}},"loc":{"start":{"line":22,"column":29},"end":{"line":24,"column":3}},"line":22},"2":{"name":"(anonymous_2)","decl":{"start":{"line":26,"column":2},"end":{"line":26,"column":3}},"loc":{"start":{"line":26,"column":39},"end":{"line":45,"column":3}},"line":26},"3":{"name":"(anonymous_3)","decl":{"start":{"line":47,"column":2},"end":{"line":47,"column":3}},"loc":{"start":{"line":47,"column":30},"end":{"line":59,"column":3}},"line":47},"4":{"name":"(anonymous_4)","decl":{"start":{"line":61,"column":2},"end":{"line":61,"column":3}},"loc":{"start":{"line":61,"column":40},"end":{"line":64,"column":3}},"line":61},"5":{"name":"(anonymous_5)","decl":{"start":{"line":63,"column":24},"end":{"line":63,"column":25}},"loc":{"start":{"line":63,"column":37},"end":{"line":63,"column":69}},"line":63},"6":{"name":"(anonymous_6)","decl":{"start":{"line":66,"column":2},"end":{"line":66,"column":3}},"loc":{"start":{"line":66,"column":33},"end":{"line":80,"column":3}},"line":66},"7":{"name":"(anonymous_7)","decl":{"start":{"line":82,"column":2},"end":{"line":82,"column":3}},"loc":{"start":{"line":82,"column":65},"end":{"line":95,"column":3}},"line":82},"8":{"name":"(anonymous_8)","decl":{"start":{"line":97,"column":2},"end":{"line":97,"column":3}},"loc":{"start":{"line":97,"column":42},"end":{"line":99,"column":3}},"line":97},"9":{"name":"(anonymous_9)","decl":{"start":{"line":101,"column":2},"end":{"line":101,"column":3}},"loc":{"start":{"line":101,"column":38},"end":{"line":107,"column":3}},"line":101},"10":{"name":"(anonymous_10)","decl":{"start":{"line":109,"column":2},"end":{"line":109,"column":3}},"loc":{"start":{"line":109,"column":98},"end":{"line":137,"column":3}},"line":109},"11":{"name":"(anonymous_11)","decl":{"start":{"line":136,"column":24},"end":{"line":136,"column":25}},"loc":{"start":{"line":136,"column":37},"end":{"line":136,"column":69}},"line":136}},"branchMap":{"0":{"loc":{"start":{"line":48,"column":22},"end":{"line":48,"column":67}},"type":"binary-expr","locations":[{"start":{"line":48,"column":22},"end":{"line":48,"column":41}},{"start":{"line":48,"column":45},"end":{"line":48,"column":67}}],"line":48},"1":{"loc":{"start":{"line":49,"column":17},"end":{"line":49,"column":44}},"type":"binary-expr","locations":[{"start":{"line":49,"column":17},"end":{"line":49,"column":26}},{"start":{"line":49,"column":30},"end":{"line":49,"column":44}}],"line":49},"2":{"loc":{"start":{"line":50,"column":22},"end":{"line":50,"column":44}},"type":"binary-expr","locations":[{"start":{"line":50,"column":22},"end":{"line":50,"column":26}},{"start":{"line":50,"column":30},"end":{"line":50,"column":44}}],"line":50},"3":{"loc":{"start":{"line":56,"column":22},"end":{"line":56,"column":65}},"type":"cond-expr","locations":[{"start":{"line":56,"column":34},"end":{"line":56,"column":48}},{"start":{"line":56,"column":51},"end":{"line":56,"column":65}}],"line":56},"4":{"loc":{"start":{"line":57,"column":19},"end":{"line":57,"column":59}},"type":"cond-expr","locations":[{"start":{"line":57,"column":26},"end":{"line":57,"column":42}},{"start":{"line":57,"column":45},"end":{"line":57,"column":59}}],"line":57},"5":{"loc":{"start":{"line":88,"column":4},"end":{"line":90,"column":5}},"type":"if","locations":[{"start":{"line":88,"column":4},"end":{"line":90,"column":5}},{"start":{},"end":{}}],"line":88},"6":{"loc":{"start":{"line":88,"column":8},"end":{"line":88,"column":81}},"type":"binary-expr","locations":[{"start":{"line":88,"column":8},"end":{"line":88,"column":20}},{"start":{"line":88,"column":24},"end":{"line":88,"column":29}},{"start":{"line":88,"column":33},"end":{"line":88,"column":81}}],"line":88},"7":{"loc":{"start":{"line":103,"column":4},"end":{"line":105,"column":5}},"type":"if","locations":[{"start":{"line":103,"column":4},"end":{"line":105,"column":5}},{"start":{},"end":{}}],"line":103},"8":{"loc":{"start":{"line":103,"column":8},"end":{"line":103,"column":90}},"type":"binary-expr","locations":[{"start":{"line":103,"column":8},"end":{"line":103,"column":23}},{"start":{"line":103,"column":27},"end":{"line":103,"column":90}}],"line":103},"9":{"loc":{"start":{"line":111,"column":4},"end":{"line":111,"column":68}},"type":"if","locations":[{"start":{"line":111,"column":4},"end":{"line":111,"column":68}},{"start":{},"end":{}}],"line":111},"10":{"loc":{"start":{"line":112,"column":4},"end":{"line":112,"column":71}},"type":"if","locations":[{"start":{"line":112,"column":4},"end":{"line":112,"column":71}},{"start":{},"end":{}}],"line":112},"11":{"loc":{"start":{"line":113,"column":4},"end":{"line":113,"column":74}},"type":"if","locations":[{"start":{"line":113,"column":4},"end":{"line":113,"column":74}},{"start":{},"end":{}}],"line":113},"12":{"loc":{"start":{"line":114,"column":4},"end":{"line":114,"column":59}},"type":"if","locations":[{"start":{"line":114,"column":4},"end":{"line":114,"column":59}},{"start":{},"end":{}}],"line":114},"13":{"loc":{"start":{"line":125,"column":15},"end":{"line":125,"column":43}},"type":"cond-expr","locations":[{"start":{"line":125,"column":25},"end":{"line":125,"column":36}},{"start":{"line":125,"column":39},"end":{"line":125,"column":43}}],"line":125},"14":{"loc":{"start":{"line":130,"column":17},"end":{"line":130,"column":55}},"type":"cond-expr","locations":[{"start":{"line":130,"column":32},"end":{"line":130,"column":48}},{"start":{"line":130,"column":51},"end":{"line":130,"column":55}}],"line":130}},"s":{"0":1,"1":1,"2":1,"3":1,"4":1,"5":1,"6":1,"7":1,"8":1,"9":1,"10":1,"11":14,"12":14,"13":14,"14":14,"15":14,"16":1,"17":1,"18":2,"19":2,"20":2,"21":2,"22":1,"23":1,"24":1,"25":2,"26":3,"27":3,"28":2,"29":1,"30":1,"31":1,"32":1,"33":3,"34":3,"35":2,"36":1,"37":1,"38":1,"39":1,"40":1,"41":1,"42":1,"43":0,"44":1,"45":0,"46":1,"47":1,"48":1,"49":1,"50":1},"f":{"0":14,"1":1,"2":1,"3":2,"4":1,"5":1,"6":2,"7":3,"8":1,"9":3,"10":1,"11":1},"b":{"0":[2,2],"1":[2,1],"2":[2,1],"3":[1,1],"4":[1,1],"5":[2,1],"6":[3,2,2],"7":[2,1],"8":[3,2],"9":[1,0],"10":[1,0],"11":[0,1],"12":[0,1],"13":[0,1],"14":[1,0]},"_coverageSchema":"1a1c01bbd47fc00a2c39e90264f33305004495a9","hash":"bf3d1a603156def2e22fee2363913007ffb6b907"}
,"C:\\Users\\anast\\OneDrive\\Робочий стіл\\students_site_hexagonal_architecture\\application\\use-cases\\AssignRoom.js": {"path":"C:\\Users\\anast\\OneDrive\\Робочий стіл\\students_site_hexagonal_architecture\\application\\use-cases\\AssignRoom.js","statementMap":{"0":{"start":{"line":1,"column":29},"end":{"line":1,"column":76}},"1":{"start":{"line":5,"column":4},"end":{"line":5,"column":41}},"2":{"start":{"line":6,"column":4},"end":{"line":6,"column":45}},"3":{"start":{"line":10,"column":29},"end":{"line":10,"column":39}},"4":{"start":{"line":11,"column":4},"end":{"line":11,"column":65}},"5":{"start":{"line":12,"column":23},"end":{"line":12,"column":25}},"6":{"start":{"line":13,"column":27},"end":{"line":13,"column":53}},"7":{"start":{"line":14,"column":4},"end":{"line":14,"column":68}},"8":{"start":{"line":16,"column":4},"end":{"line":24,"column":7}},"9":{"start":{"line":28,"column":0},"end":{"line":28,"column":28}}},"fnMap":{"0":{"name":"(anonymous_0)","decl":{"start":{"line":4,"column":2},"end":{"line":4,"column":3}},"loc":{"start":{"line":4,"column":48},"end":{"line":7,"column":3}},"line":4},"1":{"name":"(anonymous_1)","decl":{"start":{"line":9,"column":2},"end":{"line":9,"column":3}},"loc":{"start":{"line":9,"column":51},"end":{"line":25,"column":3}},"line":9}},"branchMap":{},"s":{"0":2,"1":2,"2":2,"3":2,"4":2,"5":2,"6":2,"7":2,"8":2,"9":2},"f":{"0":2,"1":2},"b":{},"_coverageSchema":"1a1c01bbd47fc00a2c39e90264f33305004495a9","hash":"8327b615c227c23f5221bddb1521cbc94ffde561"}
,"C:\\Users\\anast\\OneDrive\\Робочий стіл\\students_site_hexagonal_architecture\\application\\use-cases\\SubmitApplication.js": {"path":"C:\\Users\\anast\\OneDrive\\Робочий стіл\\students_site_hexagonal_architecture\\application\\use-cases\\SubmitApplication.js","statementMap":{"0":{"start":{"line":1,"column":0},"end":{"line":16,"column":2}},"1":{"start":{"line":3,"column":4},"end":{"line":3,"column":55}},"2":{"start":{"line":7,"column":53},"end":{"line":7,"column":68}},"3":{"start":{"line":9,"column":4},"end":{"line":11,"column":5}},"4":{"start":{"line":10,"column":6},"end":{"line":10,"column":73}},"5":{"start":{"line":13,"column":24},"end":{"line":13,"column":91}},"6":{"start":{"line":14,"column":4},"end":{"line":14,"column":23}}},"fnMap":{"0":{"name":"(anonymous_0)","decl":{"start":{"line":2,"column":2},"end":{"line":2,"column":3}},"loc":{"start":{"line":2,"column":37},"end":{"line":4,"column":3}},"line":2},"1":{"name":"(anonymous_1)","decl":{"start":{"line":6,"column":2},"end":{"line":6,"column":3}},"loc":{"start":{"line":6,"column":33},"end":{"line":15,"column":3}},"line":6}},"branchMap":{"0":{"loc":{"start":{"line":9,"column":4},"end":{"line":11,"column":5}},"type":"if","locations":[{"start":{"line":9,"column":4},"end":{"line":11,"column":5}},{"start":{},"end":{}}],"line":9},"1":{"loc":{"start":{"line":9,"column":8},"end":{"line":9,"column":51}},"type":"binary-expr","locations":[{"start":{"line":9,"column":8},"end":{"line":9,"column":19}},{"start":{"line":9,"column":23},"end":{"line":9,"column":36}},{"start":{"line":9,"column":40},"end":{"line":9,"column":51}}],"line":9}},"s":{"0":3,"1":3,"2":3,"3":3,"4":1,"5":2,"6":1},"f":{"0":3,"1":3},"b":{"0":[1,2],"1":[3,2,2]},"_coverageSchema":"1a1c01bbd47fc00a2c39e90264f33305004495a9","hash":"83edd0927c6addb5fe0e63436a588943b210d9d7"}
,"C:\\Users\\anast\\OneDrive\\Робочий стіл\\students_site_hexagonal_architecture\\domain\\models\\application.js": {"path":"C:\\Users\\anast\\OneDrive\\Робочий стіл\\students_site_hexagonal_architecture\\domain\\models\\application.js","statementMap":{"0":{"start":{"line":1,"column":22},"end":{"line":1,"column":42}},"1":{"start":{"line":2,"column":18},"end":{"line":2,"column":68}},"2":{"start":{"line":4,"column":20},"end":{"line":31,"column":4}},"3":{"start":{"line":34,"column":0},"end":{"line":34,"column":29}}},"fnMap":{},"branchMap":{},"s":{"0":10,"1":10,"2":10,"3":10},"f":{},"b":{},"_coverageSchema":"1a1c01bbd47fc00a2c39e90264f33305004495a9","hash":"5459cc7e13fce41cbb5f5cb4b185505a3fcf623e"}
,"C:\\Users\\anast\\OneDrive\\Робочий стіл\\students_site_hexagonal_architecture\\domain\\models\\benefit.js": {"path":"C:\\Users\\anast\\OneDrive\\Робочий стіл\\students_site_hexagonal_architecture\\domain\\models\\benefit.js","statementMap":{"0":{"start":{"line":1,"column":22},"end":{"line":1,"column":42}},"1":{"start":{"line":2,"column":18},"end":{"line":2,"column":68}},"2":{"start":{"line":4,"column":16},"end":{"line":18,"column":2}},"3":{"start":{"line":20,"column":0},"end":{"line":20,"column":25}}},"fnMap":{},"branchMap":{},"s":{"0":10,"1":10,"2":10,"3":10},"f":{},"b":{},"_coverageSchema":"1a1c01bbd47fc00a2c39e90264f33305004495a9","hash":"fda9491040ee7d915dcaf2498b0f3dc063372ca7"}
,"C:\\Users\\anast\\OneDrive\\Робочий стіл\\students_site_hexagonal_architecture\\domain\\models\\dormitory.js": {"path":"C:\\Users\\anast\\OneDrive\\Робочий стіл\\students_site_hexagonal_architecture\\domain\\models\\dormitory.js","statementMap":{"0":{"start":{"line":1,"column":22},"end":{"line":1,"column":42}},"1":{"start":{"line":2,"column":18},"end":{"line":2,"column":68}},"2":{"start":{"line":4,"column":18},"end":{"line":38,"column":2}},"3":{"start":{"line":40,"column":0},"end":{"line":40,"column":27}}},"fnMap":{},"branchMap":{},"s":{"0":13,"1":13,"2":13,"3":13},"f":{},"b":{},"_coverageSchema":"1a1c01bbd47fc00a2c39e90264f33305004495a9","hash":"23d4af96a74dabe9702e657fd59f06560a5a7824"}
,"C:\\Users\\anast\\OneDrive\\Робочий стіл\\students_site_hexagonal_architecture\\domain\\models\\faculty.js": {"path":"C:\\Users\\anast\\OneDrive\\Робочий стіл\\students_site_hexagonal_architecture\\domain\\models\\faculty.js","statementMap":{"0":{"start":{"line":1,"column":22},"end":{"line":1,"column":42}},"1":{"start":{"line":2,"column":18},"end":{"line":2,"column":68}},"2":{"start":{"line":4,"column":16},"end":{"line":18,"column":2}},"3":{"start":{"line":20,"column":0},"end":{"line":20,"column":25}}},"fnMap":{},"branchMap":{},"s":{"0":10,"1":10,"2":10,"3":10},"f":{},"b":{},"_coverageSchema":"1a1c01bbd47fc00a2c39e90264f33305004495a9","hash":"64bc2871ceda365514fdf8e974a4a54831c3142d"}
,"C:\\Users\\anast\\OneDrive\\Робочий стіл\\students_site_hexagonal_architecture\\domain\\models\\price.js": {"path":"C:\\Users\\anast\\OneDrive\\Робочий стіл\\students_site_hexagonal_architecture\\domain\\models\\price.js","statementMap":{"0":{"start":{"line":1,"column":22},"end":{"line":1,"column":42}},"1":{"start":{"line":2,"column":18},"end":{"line":2,"column":68}},"2":{"start":{"line":4,"column":14},"end":{"line":18,"column":2}},"3":{"start":{"line":20,"column":0},"end":{"line":20,"column":23}}},"fnMap":{},"branchMap":{},"s":{"0":14,"1":14,"2":14,"3":14},"f":{},"b":{},"_coverageSchema":"1a1c01bbd47fc00a2c39e90264f33305004495a9","hash":"d80b42ba8dbd98b3eac23d890e3f15f96bb8c5a6"}
,"C:\\Users\\anast\\OneDrive\\Робочий стіл\\students_site_hexagonal_architecture\\domain\\models\\room.js": {"path":"C:\\Users\\anast\\OneDrive\\Робочий стіл\\students_site_hexagonal_architecture\\domain\\models\\room.js","statementMap":{"0":{"start":{"line":1,"column":22},"end":{"line":1,"column":42}},"1":{"start":{"line":2,"column":18},"end":{"line":2,"column":68}},"2":{"start":{"line":5,"column":13},"end":{"line":33,"column":2}},"3":{"start":{"line":35,"column":0},"end":{"line":35,"column":22}}},"fnMap":{},"branchMap":{},"s":{"0":10,"1":10,"2":10,"3":10},"f":{},"b":{},"_coverageSchema":"1a1c01bbd47fc00a2c39e90264f33305004495a9","hash":"5d1dea9eecb2016dec6b734011f591051663751c"}
,"C:\\Users\\anast\\OneDrive\\Робочий стіл\\students_site_hexagonal_architecture\\domain\\models\\specialty.js": {"path":"C:\\Users\\anast\\OneDrive\\Робочий стіл\\students_site_hexagonal_architecture\\domain\\models\\specialty.js","statementMap":{"0":{"start":{"line":1,"column":22},"end":{"line":1,"column":42}},"1":{"start":{"line":2,"column":18},"end":{"line":2,"column":68}},"2":{"start":{"line":4,"column":18},"end":{"line":22,"column":2}},"3":{"start":{"line":24,"column":0},"end":{"line":24,"column":27}}},"fnMap":{},"branchMap":{},"s":{"0":10,"1":10,"2":10,"3":10},"f":{},"b":{},"_coverageSchema":"1a1c01bbd47fc00a2c39e90264f33305004495a9","hash":"8ed17f836781b4f601c4de40f02ce43d795b7510"}
,"C:\\Users\\anast\\OneDrive\\Робочий стіл\\students_site_hexagonal_architecture\\domain\\models\\student.js": {"path":"C:\\Users\\anast\\OneDrive\\Робочий стіл\\students_site_hexagonal_architecture\\domain\\models\\student.js","statementMap":{"0":{"start":{"line":1,"column":22},"end":{"line":1,"column":42}},"1":{"start":{"line":2,"column":18},"end":{"line":2,"column":68}},"2":{"start":{"line":4,"column":16},"end":{"line":52,"column":2}},"3":{"start":{"line":54,"column":0},"end":{"line":54,"column":25}}},"fnMap":{},"branchMap":{},"s":{"0":10,"1":10,"2":10,"3":10},"f":{},"b":{},"_coverageSchema":"1a1c01bbd47fc00a2c39e90264f33305004495a9","hash":"f8ed7e0d03c865e91484380150fefca8093aa711"}
,"C:\\Users\\anast\\OneDrive\\Робочий стіл\\students_site_hexagonal_architecture\\domain\\models\\studentOccupancy.js": {"path":"C:\\Users\\anast\\OneDrive\\Робочий стіл\\students_site_hexagonal_architecture\\domain\\models\\studentOccupancy.js","statementMap":{"0":{"start":{"line":1,"column":22},"end":{"line":1,"column":42}},"1":{"start":{"line":2,"column":18},"end":{"line":2,"column":68}},"2":{"start":{"line":4,"column":25},"end":{"line":43,"column":23}},"3":{"start":{"line":45,"column":4},"end":{"line":45,"column":38}}},"fnMap":{},"branchMap":{},"s":{"0":10,"1":10,"2":10,"3":10},"f":{},"b":{},"_coverageSchema":"1a1c01bbd47fc00a2c39e90264f33305004495a9","hash":"f745c18999a3b7f12855dbb593927031f0ac6469"}
,"C:\\Users\\anast\\OneDrive\\Робочий стіл\\students_site_hexagonal_architecture\\domain\\models\\superintendent.js": {"path":"C:\\Users\\anast\\OneDrive\\Робочий стіл\\students_site_hexagonal_architecture\\domain\\models\\superintendent.js","statementMap":{"0":{"start":{"line":1,"column":22},"end":{"line":1,"column":42}},"1":{"start":{"line":2,"column":18},"end":{"line":2,"column":68}},"2":{"start":{"line":5,"column":23},"end":{"line":34,"column":2}},"3":{"start":{"line":36,"column":0},"end":{"line":36,"column":32}}},"fnMap":{},"branchMap":{},"s":{"0":11,"1":11,"2":11,"3":11},"f":{},"b":{},"_coverageSchema":"1a1c01bbd47fc00a2c39e90264f33305004495a9","hash":"fb09e98a890393d4fc21fef784fbdcd4b9688f2a"}
,"C:\\Users\\anast\\OneDrive\\Робочий стіл\\students_site_hexagonal_architecture\\infrastructure\\database\\models.js": {"path":"C:\\Users\\anast\\OneDrive\\Робочий стіл\\students_site_hexagonal_architecture\\infrastructure\\database\\models.js","statementMap":{"0":{"start":{"line":1,"column":18},"end":{"line":1,"column":40}},"1":{"start":{"line":2,"column":20},"end":{"line":2,"column":62}},"2":{"start":{"line":3,"column":16},"end":{"line":3,"column":54}},"3":{"start":{"line":4,"column":18},"end":{"line":4,"column":58}},"4":{"start":{"line":5,"column":16},"end":{"line":5,"column":54}},"5":{"start":{"line":6,"column":14},"end":{"line":6,"column":50}},"6":{"start":{"line":7,"column":13},"end":{"line":7,"column":48}},"7":{"start":{"line":8,"column":18},"end":{"line":8,"column":58}},"8":{"start":{"line":9,"column":16},"end":{"line":9,"column":54}},"9":{"start":{"line":10,"column":25},"end":{"line":10,"column":72}},"10":{"start":{"line":11,"column":23},"end":{"line":11,"column":68}},"11":{"start":{"line":13,"column":0},"end":{"line":15,"column":1}},"12":{"start":{"line":14,"column":2},"end":{"line":14,"column":72}},"13":{"start":{"line":18,"column":0},"end":{"line":18,"column":76}},"14":{"start":{"line":19,"column":0},"end":{"line":19,"column":76}},"15":{"start":{"line":20,"column":0},"end":{"line":20,"column":82}},"16":{"start":{"line":22,"column":0},"end":{"line":22,"column":81}},"17":{"start":{"line":23,"column":0},"end":{"line":23,"column":87}},"18":{"start":{"line":24,"column":0},"end":{"line":24,"column":72}},"19":{"start":{"line":25,"column":0},"end":{"line":25,"column":81}},"20":{"start":{"line":27,"column":0},"end":{"line":27,"column":83}},"21":{"start":{"line":28,"column":0},"end":{"line":28,"column":77}},"22":{"start":{"line":29,"column":0},"end":{"line":29,"column":87}},"23":{"start":{"line":31,"column":0},"end":{"line":31,"column":75}},"24":{"start":{"line":32,"column":0},"end":{"line":32,"column":69}},"25":{"start":{"line":34,"column":0},"end":{"line":34,"column":68}},"26":{"start":{"line":35,"column":0},"end":{"line":35,"column":72}},"27":{"start":{"line":37,"column":0},"end":{"line":49,"column":2}}},"fnMap":{},"branchMap":{"0":{"loc":{"start":{"line":13,"column":0},"end":{"line":15,"column":1}},"type":"if","locations":[{"start":{"line":13,"column":0},"end":{"line":15,"column":1}},{"start":{},"end":{}}],"line":13}},"s":{"0":10,"1":10,"2":10,"3":10,"4":10,"5":10,"6":10,"7":10,"8":10,"9":10,"10":10,"11":10,"12":0,"13":10,"14":10,"15":10,"16":10,"17":10,"18":10,"19":10,"20":10,"21":10,"22":10,"23":10,"24":10,"25":10,"26":10,"27":10},"f":{},"b":{"0":[0,10]},"_coverageSchema":"1a1c01bbd47fc00a2c39e90264f33305004495a9","hash":"483fd5d8def978c64098bddb243671ff28c43754"}
,"C:\\Users\\anast\\OneDrive\\Робочий стіл\\students_site_hexagonal_architecture\\infrastructure\\database\\sequelize.js": {"path":"C:\\Users\\anast\\OneDrive\\Робочий стіл\\students_site_hexagonal_architecture\\infrastructure\\database\\sequelize.js","statementMap":{"0":{"start":{"line":1,"column":22},"end":{"line":1,"column":42}},"1":{"start":{"line":2,"column":15},"end":{"line":2,"column":38}},"2":{"start":{"line":4,"column":18},"end":{"line":12,"column":2}},"3":{"start":{"line":14,"column":0},"end":{"line":14,"column":27}}},"fnMap":{},"branchMap":{},"s":{"0":18,"1":18,"2":18,"3":18},"f":{},"b":{},"_coverageSchema":"1a1c01bbd47fc00a2c39e90264f33305004495a9","hash":"55af965d2e0519d9924f917cfb0e0079436952d5"}
,"C:\\Users\\anast\\OneDrive\\Робочий стіл\\students_site_hexagonal_architecture\\infrastructure\\repositories\\ApplicationRepository.js": {"path":"C:\\Users\\anast\\OneDrive\\Робочий стіл\\students_site_hexagonal_architecture\\infrastructure\\repositories\\ApplicationRepository.js","statementMap":{"0":{"start":{"line":1,"column":53},"end":{"line":1,"column":100}},"1":{"start":{"line":2,"column":22},"end":{"line":2,"column":42}},"2":{"start":{"line":6,"column":4},"end":{"line":6,"column":68}},"3":{"start":{"line":7,"column":4},"end":{"line":7,"column":53}},"4":{"start":{"line":11,"column":4},"end":{"line":35,"column":7}},"5":{"start":{"line":39,"column":4},"end":{"line":39,"column":72}},"6":{"start":{"line":43,"column":4},"end":{"line":43,"column":72}},"7":{"start":{"line":47,"column":0},"end":{"line":47,"column":39}}},"fnMap":{"0":{"name":"(anonymous_0)","decl":{"start":{"line":5,"column":2},"end":{"line":5,"column":3}},"loc":{"start":{"line":5,"column":43},"end":{"line":8,"column":3}},"line":5},"1":{"name":"(anonymous_1)","decl":{"start":{"line":10,"column":2},"end":{"line":10,"column":3}},"loc":{"start":{"line":10,"column":25},"end":{"line":36,"column":3}},"line":10},"2":{"name":"(anonymous_2)","decl":{"start":{"line":38,"column":2},"end":{"line":38,"column":3}},"loc":{"start":{"line":38,"column":21},"end":{"line":40,"column":3}},"line":38},"3":{"name":"(anonymous_3)","decl":{"start":{"line":42,"column":2},"end":{"line":42,"column":3}},"loc":{"start":{"line":42,"column":19},"end":{"line":44,"column":3}},"line":42}},"branchMap":{},"s":{"0":2,"1":2,"2":0,"3":0,"4":0,"5":0,"6":0,"7":2},"f":{"0":0,"1":0,"2":0,"3":0},"b":{},"_coverageSchema":"1a1c01bbd47fc00a2c39e90264f33305004495a9","hash":"a1562ceddd22c17a189138c69daa901423fb5217"}
,"C:\\Users\\anast\\OneDrive\\Робочий стіл\\students_site_hexagonal_architecture\\infrastructure\\repositories\\BenefitRepository.js": {"path":"C:\\Users\\anast\\OneDrive\\Робочий стіл\\students_site_hexagonal_architecture\\infrastructure\\repositories\\BenefitRepository.js","statementMap":{"0":{"start":{"line":1,"column":16},"end":{"line":1,"column":71}},"1":{"start":{"line":5,"column":4},"end":{"line":7,"column":7}},"2":{"start":{"line":11,"column":4},"end":{"line":11,"column":38}},"3":{"start":{"line":15,"column":4},"end":{"line":15,"column":45}},"4":{"start":{"line":19,"column":0},"end":{"line":19,"column":35}}},"fnMap":{"0":{"name":"(anonymous_0)","decl":{"start":{"line":4,"column":2},"end":{"line":4,"column":3}},"loc":{"start":{"line":4,"column":25},"end":{"line":8,"column":3}},"line":4},"1":{"name":"(anonymous_1)","decl":{"start":{"line":10,"column":2},"end":{"line":10,"column":3}},"loc":{"start":{"line":10,"column":21},"end":{"line":12,"column":3}},"line":10},"2":{"name":"(anonymous_2)","decl":{"start":{"line":14,"column":2},"end":{"line":14,"column":3}},"loc":{"start":{"line":14,"column":28},"end":{"line":16,"column":3}},"line":14}},"branchMap":{},"s":{"0":2,"1":0,"2":0,"3":0,"4":2},"f":{"0":0,"1":0,"2":0},"b":{},"_coverageSchema":"1a1c01bbd47fc00a2c39e90264f33305004495a9","hash":"0ca52cc47fa8b892b8e8fedb40c474be59406990"}
,"C:\\Users\\anast\\OneDrive\\Робочий стіл\\students_site_hexagonal_architecture\\infrastructure\\repositories\\DormitoryRepository.js": {"path":"C:\\Users\\anast\\OneDrive\\Робочий стіл\\students_site_hexagonal_architecture\\infrastructure\\repositories\\DormitoryRepository.js","statementMap":{"0":{"start":{"line":1,"column":18},"end":{"line":1,"column":58}},"1":{"start":{"line":2,"column":14},"end":{"line":2,"column":50}},"2":{"start":{"line":6,"column":4},"end":{"line":6,"column":52}},"3":{"start":{"line":7,"column":4},"end":{"line":21,"column":5}},"4":{"start":{"line":8,"column":24},"end":{"line":11,"column":8}},"5":{"start":{"line":12,"column":21},"end":{"line":12,"column":70}},"6":{"start":{"line":13,"column":6},"end":{"line":16,"column":7}},"7":{"start":{"line":14,"column":8},"end":{"line":14,"column":56}},"8":{"start":{"line":15,"column":8},"end":{"line":15,"column":28}},"9":{"start":{"line":17,"column":6},"end":{"line":17,"column":20}},"10":{"start":{"line":19,"column":6},"end":{"line":19,"column":77}},"11":{"start":{"line":20,"column":6},"end":{"line":20,"column":18}},"12":{"start":{"line":25,"column":4},"end":{"line":25,"column":44}},"13":{"start":{"line":26,"column":4},"end":{"line":42,"column":5}},"14":{"start":{"line":27,"column":26},"end":{"line":29,"column":8}},"15":{"start":{"line":31,"column":6},"end":{"line":38,"column":9}},"16":{"start":{"line":32,"column":26},"end":{"line":32,"column":48}},"17":{"start":{"line":33,"column":8},"end":{"line":36,"column":9}},"18":{"start":{"line":34,"column":10},"end":{"line":34,"column":64}},"19":{"start":{"line":35,"column":10},"end":{"line":35,"column":33}},"20":{"start":{"line":37,"column":8},"end":{"line":37,"column":25}},"21":{"start":{"line":40,"column":6},"end":{"line":40,"column":79}},"22":{"start":{"line":41,"column":6},"end":{"line":41,"column":18}},"23":{"start":{"line":46,"column":4},"end":{"line":46,"column":66}},"24":{"start":{"line":47,"column":4},"end":{"line":57,"column":5}},"25":{"start":{"line":49,"column":19},"end":{"line":49,"column":54}},"26":{"start":{"line":50,"column":20},"end":{"line":52,"column":8}},"27":{"start":{"line":53,"column":6},"end":{"line":53,"column":52}},"28":{"start":{"line":53,"column":28},"end":{"line":53,"column":50}},"29":{"start":{"line":55,"column":6},"end":{"line":55,"column":73}},"30":{"start":{"line":56,"column":6},"end":{"line":56,"column":18}},"31":{"start":{"line":60,"column":4},"end":{"line":60,"column":54}},"32":{"start":{"line":64,"column":0},"end":{"line":64,"column":37}}},"fnMap":{"0":{"name":"(anonymous_0)","decl":{"start":{"line":5,"column":2},"end":{"line":5,"column":3}},"loc":{"start":{"line":5,"column":21},"end":{"line":22,"column":3}},"line":5},"1":{"name":"(anonymous_1)","decl":{"start":{"line":24,"column":2},"end":{"line":24,"column":3}},"loc":{"start":{"line":24,"column":18},"end":{"line":43,"column":3}},"line":24},"2":{"name":"(anonymous_2)","decl":{"start":{"line":31,"column":29},"end":{"line":31,"column":30}},"loc":{"start":{"line":31,"column":34},"end":{"line":38,"column":7}},"line":31},"3":{"name":"(anonymous_3)","decl":{"start":{"line":45,"column":2},"end":{"line":45,"column":3}},"loc":{"start":{"line":45,"column":42},"end":{"line":58,"column":3}},"line":45},"4":{"name":"(anonymous_4)","decl":{"start":{"line":53,"column":23},"end":{"line":53,"column":24}},"loc":{"start":{"line":53,"column":28},"end":{"line":53,"column":50}},"line":53},"5":{"name":"(anonymous_5)","decl":{"start":{"line":59,"column":2},"end":{"line":59,"column":3}},"loc":{"start":{"line":59,"column":30},"end":{"line":61,"column":3}},"line":59}},"branchMap":{"0":{"loc":{"start":{"line":12,"column":21},"end":{"line":12,"column":70}},"type":"cond-expr","locations":[{"start":{"line":12,"column":33},"end":{"line":12,"column":63}},{"start":{"line":12,"column":66},"end":{"line":12,"column":70}}],"line":12},"1":{"loc":{"start":{"line":13,"column":6},"end":{"line":16,"column":7}},"type":"if","locations":[{"start":{"line":13,"column":6},"end":{"line":16,"column":7}},{"start":{},"end":{}}],"line":13},"2":{"loc":{"start":{"line":13,"column":10},"end":{"line":13,"column":32}},"type":"binary-expr","locations":[{"start":{"line":13,"column":10},"end":{"line":13,"column":16}},{"start":{"line":13,"column":20},"end":{"line":13,"column":32}}],"line":13},"3":{"loc":{"start":{"line":33,"column":8},"end":{"line":36,"column":9}},"type":"if","locations":[{"start":{"line":33,"column":8},"end":{"line":36,"column":9}},{"start":{},"end":{}}],"line":33}},"s":{"0":3,"1":3,"2":0,"3":0,"4":0,"5":0,"6":0,"7":0,"8":0,"9":0,"10":0,"11":0,"12":0,"13":0,"14":0,"15":0,"16":0,"17":0,"18":0,"19":0,"20":0,"21":0,"22":0,"23":0,"24":0,"25":0,"26":0,"27":0,"28":0,"29":0,"30":0,"31":0,"32":3},"f":{"0":0,"1":0,"2":0,"3":0,"4":0,"5":0},"b":{"0":[0,0],"1":[0,0],"2":[0,0],"3":[0,0]},"_coverageSchema":"1a1c01bbd47fc00a2c39e90264f33305004495a9","hash":"a0b0178ead37cb80ec1be6170fe4825d805e5a0c"}
,"C:\\Users\\anast\\OneDrive\\Робочий стіл\\students_site_hexagonal_architecture\\infrastructure\\repositories\\FacultyRepository.js": {"path":"C:\\Users\\anast\\OneDrive\\Робочий стіл\\students_site_hexagonal_architecture\\infrastructure\\repositories\\FacultyRepository.js","statementMap":{"0":{"start":{"line":1,"column":16},"end":{"line":1,"column":71}},"1":{"start":{"line":5,"column":4},"end":{"line":5,"column":35}},"2":{"start":{"line":9,"column":4},"end":{"line":9,"column":38}},"3":{"start":{"line":13,"column":4},"end":{"line":13,"column":45}},"4":{"start":{"line":17,"column":20},"end":{"line":17,"column":46}},"5":{"start":{"line":18,"column":4},"end":{"line":18,"column":30}},"6":{"start":{"line":18,"column":18},"end":{"line":18,"column":30}},"7":{"start":{"line":19,"column":4},"end":{"line":19,"column":45}},"8":{"start":{"line":23,"column":20},"end":{"line":23,"column":46}},"9":{"start":{"line":24,"column":4},"end":{"line":24,"column":30}},"10":{"start":{"line":24,"column":18},"end":{"line":24,"column":30}},"11":{"start":{"line":25,"column":4},"end":{"line":25,"column":35}},"12":{"start":{"line":29,"column":0},"end":{"line":29,"column":35}}},"fnMap":{"0":{"name":"(anonymous_0)","decl":{"start":{"line":4,"column":2},"end":{"line":4,"column":3}},"loc":{"start":{"line":4,"column":25},"end":{"line":6,"column":3}},"line":4},"1":{"name":"(anonymous_1)","decl":{"start":{"line":8,"column":2},"end":{"line":8,"column":3}},"loc":{"start":{"line":8,"column":21},"end":{"line":10,"column":3}},"line":8},"2":{"name":"(anonymous_2)","decl":{"start":{"line":12,"column":2},"end":{"line":12,"column":3}},"loc":{"start":{"line":12,"column":28},"end":{"line":14,"column":3}},"line":12},"3":{"name":"(anonymous_3)","decl":{"start":{"line":16,"column":2},"end":{"line":16,"column":3}},"loc":{"start":{"line":16,"column":32},"end":{"line":20,"column":3}},"line":16},"4":{"name":"(anonymous_4)","decl":{"start":{"line":22,"column":2},"end":{"line":22,"column":3}},"loc":{"start":{"line":22,"column":19},"end":{"line":26,"column":3}},"line":22}},"branchMap":{"0":{"loc":{"start":{"line":18,"column":4},"end":{"line":18,"column":30}},"type":"if","locations":[{"start":{"line":18,"column":4},"end":{"line":18,"column":30}},{"start":{},"end":{}}],"line":18},"1":{"loc":{"start":{"line":24,"column":4},"end":{"line":24,"column":30}},"type":"if","locations":[{"start":{"line":24,"column":4},"end":{"line":24,"column":30}},{"start":{},"end":{}}],"line":24}},"s":{"0":2,"1":0,"2":0,"3":0,"4":0,"5":0,"6":0,"7":0,"8":0,"9":0,"10":0,"11":0,"12":2},"f":{"0":0,"1":0,"2":0,"3":0,"4":0},"b":{"0":[0,0],"1":[0,0]},"_coverageSchema":"1a1c01bbd47fc00a2c39e90264f33305004495a9","hash":"bf205d98556f905aed06309b970597010320361d"}
,"C:\\Users\\anast\\OneDrive\\Робочий стіл\\students_site_hexagonal_architecture\\infrastructure\\repositories\\PriceRepository.js": {"path":"C:\\Users\\anast\\OneDrive\\Робочий стіл\\students_site_hexagonal_architecture\\infrastructure\\repositories\\PriceRepository.js","statementMap":{"0":{"start":{"line":1,"column":14},"end":{"line":1,"column":50}},"1":{"start":{"line":5,"column":4},"end":{"line":5,"column":39}},"2":{"start":{"line":6,"column":4},"end":{"line":14,"column":5}},"3":{"start":{"line":7,"column":21},"end":{"line":9,"column":8}},"4":{"start":{"line":10,"column":6},"end":{"line":10,"column":53}},"5":{"start":{"line":10,"column":29},"end":{"line":10,"column":51}},"6":{"start":{"line":12,"column":6},"end":{"line":12,"column":74}},"7":{"start":{"line":13,"column":6},"end":{"line":13,"column":18}},"8":{"start":{"line":18,"column":4},"end":{"line":18,"column":66}},"9":{"start":{"line":19,"column":4},"end":{"line":32,"column":5}},"10":{"start":{"line":20,"column":24},"end":{"line":20,"column":64}},"11":{"start":{"line":21,"column":24},"end":{"line":24,"column":8}},"12":{"start":{"line":26,"column":6},"end":{"line":26,"column":34}},"13":{"start":{"line":26,"column":22},"end":{"line":26,"column":34}},"14":{"start":{"line":28,"column":6},"end":{"line":28,"column":75}},"15":{"start":{"line":30,"column":6},"end":{"line":30,"column":73}},"16":{"start":{"line":31,"column":6},"end":{"line":31,"column":18}},"17":{"start":{"line":36,"column":0},"end":{"line":36,"column":33}}},"fnMap":{"0":{"name":"(anonymous_0)","decl":{"start":{"line":4,"column":2},"end":{"line":4,"column":3}},"loc":{"start":{"line":4,"column":18},"end":{"line":15,"column":3}},"line":4},"1":{"name":"(anonymous_1)","decl":{"start":{"line":10,"column":24},"end":{"line":10,"column":25}},"loc":{"start":{"line":10,"column":29},"end":{"line":10,"column":51}},"line":10},"2":{"name":"(anonymous_2)","decl":{"start":{"line":17,"column":2},"end":{"line":17,"column":3}},"loc":{"start":{"line":17,"column":39},"end":{"line":33,"column":3}},"line":17}},"branchMap":{"0":{"loc":{"start":{"line":26,"column":6},"end":{"line":26,"column":34}},"type":"if","locations":[{"start":{"line":26,"column":6},"end":{"line":26,"column":34}},{"start":{},"end":{}}],"line":26},"1":{"loc":{"start":{"line":28,"column":13},"end":{"line":28,"column":74}},"type":"cond-expr","locations":[{"start":{"line":28,"column":31},"end":{"line":28,"column":67}},{"start":{"line":28,"column":70},"end":{"line":28,"column":74}}],"line":28}},"s":{"0":1,"1":0,"2":0,"3":0,"4":0,"5":0,"6":0,"7":0,"8":0,"9":0,"10":0,"11":0,"12":0,"13":0,"14":0,"15":0,"16":0,"17":1},"f":{"0":0,"1":0,"2":0},"b":{"0":[0,0],"1":[0,0]},"_coverageSchema":"1a1c01bbd47fc00a2c39e90264f33305004495a9","hash":"8fbb5318865ff409a2ce974625cd3ab017e46032"}
,"C:\\Users\\anast\\OneDrive\\Робочий стіл\\students_site_hexagonal_architecture\\infrastructure\\repositories\\SpecialtyRepository.js": {"path":"C:\\Users\\anast\\OneDrive\\Робочий стіл\\students_site_hexagonal_architecture\\infrastructure\\repositories\\SpecialtyRepository.js","statementMap":{"0":{"start":{"line":1,"column":18},"end":{"line":1,"column":75}},"1":{"start":{"line":5,"column":4},"end":{"line":7,"column":7}},"2":{"start":{"line":11,"column":4},"end":{"line":11,"column":40}},"3":{"start":{"line":15,"column":4},"end":{"line":15,"column":67}},"4":{"start":{"line":16,"column":24},"end":{"line":19,"column":6}},"5":{"start":{"line":20,"column":4},"end":{"line":20,"column":51}},"6":{"start":{"line":21,"column":4},"end":{"line":21,"column":23}},"7":{"start":{"line":25,"column":0},"end":{"line":25,"column":37}}},"fnMap":{"0":{"name":"(anonymous_0)","decl":{"start":{"line":4,"column":2},"end":{"line":4,"column":3}},"loc":{"start":{"line":4,"column":25},"end":{"line":8,"column":3}},"line":4},"1":{"name":"(anonymous_1)","decl":{"start":{"line":10,"column":2},"end":{"line":10,"column":3}},"loc":{"start":{"line":10,"column":21},"end":{"line":12,"column":3}},"line":10},"2":{"name":"(anonymous_2)","decl":{"start":{"line":14,"column":2},"end":{"line":14,"column":3}},"loc":{"start":{"line":14,"column":35},"end":{"line":22,"column":3}},"line":14}},"branchMap":{},"s":{"0":2,"1":0,"2":0,"3":0,"4":0,"5":0,"6":0,"7":2},"f":{"0":0,"1":0,"2":0},"b":{},"_coverageSchema":"1a1c01bbd47fc00a2c39e90264f33305004495a9","hash":"e59af96de0136afbec625827a27d765b40e28f42"}
,"C:\\Users\\anast\\OneDrive\\Робочий стіл\\students_site_hexagonal_architecture\\infrastructure\\repositories\\StudentRepository.js": {"path":"C:\\Users\\anast\\OneDrive\\Робочий стіл\\students_site_hexagonal_architecture\\infrastructure\\repositories\\StudentRepository.js","statementMap":{"0":{"start":{"line":1,"column":55},"end":{"line":1,"column":102}},"1":{"start":{"line":5,"column":8},"end":{"line":5,"column":49}},"2":{"start":{"line":9,"column":8},"end":{"line":12,"column":11}},"3":{"start":{"line":16,"column":8},"end":{"line":16,"column":65}},"4":{"start":{"line":24,"column":8},"end":{"line":24,"column":63}},"5":{"start":{"line":28,"column":8},"end":{"line":28,"column":63}},"6":{"start":{"line":32,"column":0},"end":{"line":32,"column":35}}},"fnMap":{"0":{"name":"(anonymous_0)","decl":{"start":{"line":4,"column":4},"end":{"line":4,"column":5}},"loc":{"start":{"line":4,"column":30},"end":{"line":6,"column":5}},"line":4},"1":{"name":"(anonymous_1)","decl":{"start":{"line":8,"column":4},"end":{"line":8,"column":5}},"loc":{"start":{"line":8,"column":27},"end":{"line":13,"column":5}},"line":8},"2":{"name":"(anonymous_2)","decl":{"start":{"line":15,"column":4},"end":{"line":15,"column":5}},"loc":{"start":{"line":15,"column":23},"end":{"line":17,"column":5}},"line":15},"3":{"name":"(anonymous_3)","decl":{"start":{"line":23,"column":4},"end":{"line":23,"column":5}},"loc":{"start":{"line":23,"column":34},"end":{"line":25,"column":5}},"line":23},"4":{"name":"(anonymous_4)","decl":{"start":{"line":27,"column":4},"end":{"line":27,"column":5}},"loc":{"start":{"line":27,"column":21},"end":{"line":29,"column":5}},"line":27}},"branchMap":{"0":{"loc":{"start":{"line":11,"column":17},"end":{"line":11,"column":38}},"type":"binary-expr","locations":[{"start":{"line":11,"column":17},"end":{"line":11,"column":32}},{"start":{"line":11,"column":36},"end":{"line":11,"column":38}}],"line":11}},"s":{"0":2,"1":0,"2":0,"3":0,"4":0,"5":0,"6":2},"f":{"0":0,"1":0,"2":0,"3":0,"4":0},"b":{"0":[0,0]},"_coverageSchema":"1a1c01bbd47fc00a2c39e90264f33305004495a9","hash":"dabe5bf0ed72473f3411c8ace7975ce4e2154374"}
,"C:\\Users\\anast\\OneDrive\\Робочий стіл\\students_site_hexagonal_architecture\\infrastructure\\repositories\\SuperintendentRepository.js": {"path":"C:\\Users\\anast\\OneDrive\\Робочий стіл\\students_site_hexagonal_architecture\\infrastructure\\repositories\\SuperintendentRepository.js","statementMap":{"0":{"start":{"line":1,"column":23},"end":{"line":1,"column":68}},"1":{"start":{"line":5,"column":4},"end":{"line":5,"column":62}},"2":{"start":{"line":9,"column":0},"end":{"line":9,"column":42}}},"fnMap":{"0":{"name":"(anonymous_0)","decl":{"start":{"line":4,"column":2},"end":{"line":4,"column":3}},"loc":{"start":{"line":4,"column":27},"end":{"line":6,"column":3}},"line":4}},"branchMap":{},"s":{"0":1,"1":0,"2":1},"f":{"0":0},"b":{},"_coverageSchema":"1a1c01bbd47fc00a2c39e90264f33305004495a9","hash":"e69d3286cdce77416bbd9d7828328cabeff8c6fb"}
,"C:\\Users\\anast\\OneDrive\\Робочий стіл\\students_site_hexagonal_architecture\\interfaces\\web\\controllers\\applicationController.js": {"path":"C:\\Users\\anast\\OneDrive\\Робочий стіл\\students_site_hexagonal_architecture\\interfaces\\web\\controllers\\applicationController.js","statementMap":{"0":{"start":{"line":1,"column":30},"end":{"line":1,"column":99}},"1":{"start":{"line":2,"column":27},"end":{"line":2,"column":86}},"2":{"start":{"line":3,"column":86},"end":{"line":3,"column":136}},"3":{"start":{"line":5,"column":30},"end":{"line":5,"column":57}},"4":{"start":{"line":6,"column":27},"end":{"line":6,"column":72}},"5":{"start":{"line":8,"column":0},"end":{"line":71,"column":2}},"6":{"start":{"line":9,"column":2},"end":{"line":70,"column":3}},"7":{"start":{"line":10,"column":4},"end":{"line":10,"column":56}},"8":{"start":{"line":27,"column":8},"end":{"line":27,"column":16}},"9":{"start":{"line":29,"column":22},"end":{"line":29,"column":48}},"10":{"start":{"line":30,"column":24},"end":{"line":30,"column":52}},"11":{"start":{"line":31,"column":22},"end":{"line":31,"column":48}},"12":{"start":{"line":33,"column":4},"end":{"line":36,"column":5}},"13":{"start":{"line":34,"column":6},"end":{"line":34,"column":79}},"14":{"start":{"line":35,"column":6},"end":{"line":35,"column":114}},"15":{"start":{"line":38,"column":20},"end":{"line":38,"column":79}},"16":{"start":{"line":39,"column":22},"end":{"line":39,"column":87}},"17":{"start":{"line":40,"column":20},"end":{"line":40,"column":79}},"18":{"start":{"line":42,"column":4},"end":{"line":45,"column":5}},"19":{"start":{"line":43,"column":6},"end":{"line":43,"column":68}},"20":{"start":{"line":44,"column":6},"end":{"line":44,"column":96}},"21":{"start":{"line":47,"column":28},"end":{"line":63,"column":5}},"22":{"start":{"line":65,"column":4},"end":{"line":65,"column":53}},"23":{"start":{"line":66,"column":4},"end":{"line":66,"column":63}},"24":{"start":{"line":68,"column":4},"end":{"line":68,"column":77}},"25":{"start":{"line":69,"column":4},"end":{"line":69,"column":51}},"26":{"start":{"line":73,"column":0},"end":{"line":81,"column":2}},"27":{"start":{"line":74,"column":2},"end":{"line":80,"column":3}},"28":{"start":{"line":75,"column":25},"end":{"line":75,"column":70}},"29":{"start":{"line":76,"column":4},"end":{"line":76,"column":39}},"30":{"start":{"line":78,"column":4},"end":{"line":78,"column":57}},"31":{"start":{"line":79,"column":4},"end":{"line":79,"column":64}},"32":{"start":{"line":83,"column":0},"end":{"line":156,"column":2}},"33":{"start":{"line":84,"column":2},"end":{"line":155,"column":3}},"34":{"start":{"line":85,"column":100},"end":{"line":85,"column":108}},"35":{"start":{"line":87,"column":4},"end":{"line":89,"column":5}},"36":{"start":{"line":88,"column":6},"end":{"line":88,"column":77}},"37":{"start":{"line":91,"column":24},"end":{"line":91,"column":80}},"38":{"start":{"line":92,"column":4},"end":{"line":94,"column":5}},"39":{"start":{"line":93,"column":6},"end":{"line":93,"column":69}},"40":{"start":{"line":96,"column":17},"end":{"line":96,"column":73}},"41":{"start":{"line":97,"column":4},"end":{"line":99,"column":5}},"42":{"start":{"line":98,"column":6},"end":{"line":98,"column":70}},"43":{"start":{"line":102,"column":29},"end":{"line":102,"column":81}},"44":{"start":{"line":103,"column":25},"end":{"line":103,"column":26}},"45":{"start":{"line":104,"column":4},"end":{"line":106,"column":5}},"46":{"start":{"line":105,"column":6},"end":{"line":105,"column":68}},"47":{"start":{"line":109,"column":20},"end":{"line":121,"column":6}},"48":{"start":{"line":124,"column":4},"end":{"line":146,"column":6}},"49":{"start":{"line":149,"column":4},"end":{"line":149,"column":63}},"50":{"start":{"line":151,"column":4},"end":{"line":151,"column":66}},"51":{"start":{"line":153,"column":4},"end":{"line":153,"column":57}},"52":{"start":{"line":154,"column":4},"end":{"line":154,"column":88}},"53":{"start":{"line":158,"column":0},"end":{"line":172,"column":2}},"54":{"start":{"line":159,"column":2},"end":{"line":171,"column":3}},"55":{"start":{"line":160,"column":31},"end":{"line":160,"column":41}},"56":{"start":{"line":161,"column":24},"end":{"line":161,"column":80}},"57":{"start":{"line":162,"column":4},"end":{"line":164,"column":5}},"58":{"start":{"line":163,"column":6},"end":{"line":163,"column":69}},"59":{"start":{"line":166,"column":4},"end":{"line":166,"column":63}},"60":{"start":{"line":167,"column":4},"end":{"line":167,"column":66}},"61":{"start":{"line":169,"column":4},"end":{"line":169,"column":57}},"62":{"start":{"line":170,"column":4},"end":{"line":170,"column":91}},"63":{"start":{"line":174,"column":0},"end":{"line":174,"column":25}}},"fnMap":{"0":{"name":"(anonymous_0)","decl":{"start":{"line":8,"column":28},"end":{"line":8,"column":29}},"loc":{"start":{"line":8,"column":48},"end":{"line":71,"column":1}},"line":8},"1":{"name":"(anonymous_1)","decl":{"start":{"line":73,"column":29},"end":{"line":73,"column":30}},"loc":{"start":{"line":73,"column":49},"end":{"line":81,"column":1}},"line":73},"2":{"name":"(anonymous_2)","decl":{"start":{"line":83,"column":28},"end":{"line":83,"column":29}},"loc":{"start":{"line":83,"column":48},"end":{"line":156,"column":1}},"line":83},"3":{"name":"(anonymous_3)","decl":{"start":{"line":158,"column":28},"end":{"line":158,"column":29}},"loc":{"start":{"line":158,"column":48},"end":{"line":172,"column":1}},"line":158}},"branchMap":{"0":{"loc":{"start":{"line":33,"column":4},"end":{"line":36,"column":5}},"type":"if","locations":[{"start":{"line":33,"column":4},"end":{"line":36,"column":5}},{"start":{},"end":{}}],"line":33},"1":{"loc":{"start":{"line":33,"column":8},"end":{"line":33,"column":66}},"type":"binary-expr","locations":[{"start":{"line":33,"column":8},"end":{"line":33,"column":24}},{"start":{"line":33,"column":28},"end":{"line":33,"column":46}},{"start":{"line":33,"column":50},"end":{"line":33,"column":66}}],"line":33},"2":{"loc":{"start":{"line":42,"column":4},"end":{"line":45,"column":5}},"type":"if","locations":[{"start":{"line":42,"column":4},"end":{"line":45,"column":5}},{"start":{},"end":{}}],"line":42},"3":{"loc":{"start":{"line":42,"column":8},"end":{"line":42,"column":42}},"type":"binary-expr","locations":[{"start":{"line":42,"column":8},"end":{"line":42,"column":16}},{"start":{"line":42,"column":20},"end":{"line":42,"column":30}},{"start":{"line":42,"column":34},"end":{"line":42,"column":42}}],"line":42},"4":{"loc":{"start":{"line":87,"column":4},"end":{"line":89,"column":5}},"type":"if","locations":[{"start":{"line":87,"column":4},"end":{"line":89,"column":5}},{"start":{},"end":{}}],"line":87},"5":{"loc":{"start":{"line":87,"column":8},"end":{"line":87,"column":52}},"type":"binary-expr","locations":[{"start":{"line":87,"column":8},"end":{"line":87,"column":23}},{"start":{"line":87,"column":27},"end":{"line":87,"column":40}},{"start":{"line":87,"column":44},"end":{"line":87,"column":52}}],"line":87},"6":{"loc":{"start":{"line":92,"column":4},"end":{"line":94,"column":5}},"type":"if","locations":[{"start":{"line":92,"column":4},"end":{"line":94,"column":5}},{"start":{},"end":{}}],"line":92},"7":{"loc":{"start":{"line":97,"column":4},"end":{"line":99,"column":5}},"type":"if","locations":[{"start":{"line":97,"column":4},"end":{"line":99,"column":5}},{"start":{},"end":{}}],"line":97},"8":{"loc":{"start":{"line":104,"column":4},"end":{"line":106,"column":5}},"type":"if","locations":[{"start":{"line":104,"column":4},"end":{"line":106,"column":5}},{"start":{},"end":{}}],"line":104},"9":{"loc":{"start":{"line":162,"column":4},"end":{"line":164,"column":5}},"type":"if","locations":[{"start":{"line":162,"column":4},"end":{"line":164,"column":5}},{"start":{},"end":{}}],"line":162}},"s":{"0":1,"1":1,"2":1,"3":1,"4":1,"5":1,"6":2,"7":2,"8":2,"9":2,"10":2,"11":2,"12":2,"13":1,"14":1,"15":1,"16":1,"17":1,"18":1,"19":1,"20":1,"21":0,"22":0,"23":0,"24":0,"25":0,"26":1,"27":0,"28":0,"29":0,"30":0,"31":0,"32":1,"33":3,"34":3,"35":3,"36":1,"37":2,"38":2,"39":1,"40":1,"41":1,"42":0,"43":1,"44":1,"45":1,"46":1,"47":0,"48":0,"49":0,"50":0,"51":0,"52":0,"53":1,"54":1,"55":1,"56":1,"57":1,"58":1,"59":0,"60":0,"61":0,"62":0,"63":1},"f":{"0":2,"1":0,"2":3,"3":1},"b":{"0":[1,1],"1":[2,1,1],"2":[1,0],"3":[1,0,0],"4":[1,2],"5":[3,3,2],"6":[1,1],"7":[0,1],"8":[1,0],"9":[1,0]},"_coverageSchema":"1a1c01bbd47fc00a2c39e90264f33305004495a9","hash":"8222cac8c675415fd34b9f1c0382b95193b1470a"}
,"C:\\Users\\anast\\OneDrive\\Робочий стіл\\students_site_hexagonal_architecture\\interfaces\\web\\controllers\\benefitController.js": {"path":"C:\\Users\\anast\\OneDrive\\Робочий стіл\\students_site_hexagonal_architecture\\interfaces\\web\\controllers\\benefitController.js","statementMap":{"0":{"start":{"line":1,"column":23},"end":{"line":1,"column":78}},"1":{"start":{"line":5,"column":4},"end":{"line":5,"column":46}},"2":{"start":{"line":6,"column":4},"end":{"line":13,"column":5}},"3":{"start":{"line":7,"column":23},"end":{"line":7,"column":57}},"4":{"start":{"line":8,"column":6},"end":{"line":8,"column":49}},"5":{"start":{"line":9,"column":6},"end":{"line":9,"column":31}},"6":{"start":{"line":11,"column":6},"end":{"line":11,"column":73}},"7":{"start":{"line":12,"column":6},"end":{"line":12,"column":75}},"8":{"start":{"line":17,"column":0},"end":{"line":17,"column":35}}},"fnMap":{"0":{"name":"(anonymous_0)","decl":{"start":{"line":4,"column":2},"end":{"line":4,"column":3}},"loc":{"start":{"line":4,"column":37},"end":{"line":14,"column":3}},"line":4}},"branchMap":{"0":{"loc":{"start":{"line":9,"column":15},"end":{"line":9,"column":29}},"type":"binary-expr","locations":[{"start":{"line":9,"column":15},"end":{"line":9,"column":23}},{"start":{"line":9,"column":27},"end":{"line":9,"column":29}}],"line":9}},"s":{"0":1,"1":3,"2":3,"3":3,"4":2,"5":2,"6":1,"7":1,"8":1},"f":{"0":3},"b":{"0":[2,1]},"_coverageSchema":"1a1c01bbd47fc00a2c39e90264f33305004495a9","hash":"ec75a241d1ac7fa7a468da59048b82c76a9f7572"}
,"C:\\Users\\anast\\OneDrive\\Робочий стіл\\students_site_hexagonal_architecture\\interfaces\\web\\controllers\\dormitoryController.js": {"path":"C:\\Users\\anast\\OneDrive\\Робочий стіл\\students_site_hexagonal_architecture\\interfaces\\web\\controllers\\dormitoryController.js","statementMap":{"0":{"start":{"line":1,"column":25},"end":{"line":1,"column":82}},"1":{"start":{"line":5,"column":4},"end":{"line":12,"column":5}},"2":{"start":{"line":6,"column":22},"end":{"line":6,"column":44}},"3":{"start":{"line":7,"column":26},"end":{"line":7,"column":59}},"4":{"start":{"line":8,"column":6},"end":{"line":8,"column":28}},"5":{"start":{"line":10,"column":6},"end":{"line":10,"column":57}},"6":{"start":{"line":11,"column":6},"end":{"line":11,"column":87}},"7":{"start":{"line":16,"column":4},"end":{"line":16,"column":66}},"8":{"start":{"line":17,"column":4},"end":{"line":27,"column":5}},"9":{"start":{"line":18,"column":22},"end":{"line":18,"column":44}},"10":{"start":{"line":19,"column":24},"end":{"line":19,"column":69}},"11":{"start":{"line":20,"column":6},"end":{"line":22,"column":7}},"12":{"start":{"line":21,"column":8},"end":{"line":21,"column":70}},"13":{"start":{"line":23,"column":6},"end":{"line":23,"column":26}},"14":{"start":{"line":25,"column":6},"end":{"line":25,"column":78}},"15":{"start":{"line":26,"column":6},"end":{"line":26,"column":72}},"16":{"start":{"line":31,"column":4},"end":{"line":31,"column":69}},"17":{"start":{"line":32,"column":4},"end":{"line":39,"column":5}},"18":{"start":{"line":33,"column":22},"end":{"line":33,"column":44}},"19":{"start":{"line":34,"column":20},"end":{"line":34,"column":77}},"20":{"start":{"line":35,"column":6},"end":{"line":35,"column":28}},"21":{"start":{"line":37,"column":6},"end":{"line":37,"column":81}},"22":{"start":{"line":38,"column":6},"end":{"line":38,"column":72}},"23":{"start":{"line":43,"column":0},"end":{"line":43,"column":37}}},"fnMap":{"0":{"name":"(anonymous_0)","decl":{"start":{"line":4,"column":2},"end":{"line":4,"column":3}},"loc":{"start":{"line":4,"column":43},"end":{"line":13,"column":3}},"line":4},"1":{"name":"(anonymous_1)","decl":{"start":{"line":15,"column":2},"end":{"line":15,"column":3}},"loc":{"start":{"line":15,"column":42},"end":{"line":28,"column":3}},"line":15},"2":{"name":"(anonymous_2)","decl":{"start":{"line":30,"column":2},"end":{"line":30,"column":3}},"loc":{"start":{"line":30,"column":45},"end":{"line":40,"column":3}},"line":30}},"branchMap":{"0":{"loc":{"start":{"line":20,"column":6},"end":{"line":22,"column":7}},"type":"if","locations":[{"start":{"line":20,"column":6},"end":{"line":22,"column":7}},{"start":{},"end":{}}],"line":20},"1":{"loc":{"start":{"line":35,"column":15},"end":{"line":35,"column":26}},"type":"binary-expr","locations":[{"start":{"line":35,"column":15},"end":{"line":35,"column":20}},{"start":{"line":35,"column":24},"end":{"line":35,"column":26}}],"line":35}},"s":{"0":1,"1":2,"2":2,"3":2,"4":1,"5":1,"6":1,"7":3,"8":3,"9":3,"10":3,"11":2,"12":1,"13":1,"14":1,"15":1,"16":3,"17":3,"18":3,"19":3,"20":2,"21":1,"22":1,"23":1},"f":{"0":2,"1":3,"2":3},"b":{"0":[1,1],"1":[2,1]},"_coverageSchema":"1a1c01bbd47fc00a2c39e90264f33305004495a9","hash":"28f6afd4a5ae9e01d6c84e2dd0b0fcd2773cbb1c"}
,"C:\\Users\\anast\\OneDrive\\Робочий стіл\\students_site_hexagonal_architecture\\interfaces\\web\\controllers\\facultyController.js": {"path":"C:\\Users\\anast\\OneDrive\\Робочий стіл\\students_site_hexagonal_architecture\\interfaces\\web\\controllers\\facultyController.js","statementMap":{"0":{"start":{"line":1,"column":23},"end":{"line":1,"column":78}},"1":{"start":{"line":5,"column":4},"end":{"line":5,"column":65}},"2":{"start":{"line":6,"column":4},"end":{"line":13,"column":5}},"3":{"start":{"line":7,"column":24},"end":{"line":7,"column":59}},"4":{"start":{"line":8,"column":6},"end":{"line":8,"column":51}},"5":{"start":{"line":9,"column":6},"end":{"line":9,"column":32}},"6":{"start":{"line":11,"column":6},"end":{"line":11,"column":74}},"7":{"start":{"line":12,"column":6},"end":{"line":12,"column":75}},"8":{"start":{"line":17,"column":0},"end":{"line":17,"column":35}}},"fnMap":{"0":{"name":"(anonymous_0)","decl":{"start":{"line":4,"column":2},"end":{"line":4,"column":3}},"loc":{"start":{"line":4,"column":38},"end":{"line":14,"column":3}},"line":4}},"branchMap":{"0":{"loc":{"start":{"line":9,"column":15},"end":{"line":9,"column":30}},"type":"binary-expr","locations":[{"start":{"line":9,"column":15},"end":{"line":9,"column":24}},{"start":{"line":9,"column":28},"end":{"line":9,"column":30}}],"line":9}},"s":{"0":1,"1":3,"2":3,"3":3,"4":2,"5":2,"6":1,"7":1,"8":1},"f":{"0":3},"b":{"0":[2,1]},"_coverageSchema":"1a1c01bbd47fc00a2c39e90264f33305004495a9","hash":"6e6f25002ced4e5022ef57ec89b048b0c87968e9"}
,"C:\\Users\\anast\\OneDrive\\Робочий стіл\\students_site_hexagonal_architecture\\interfaces\\web\\controllers\\priceController.js": {"path":"C:\\Users\\anast\\OneDrive\\Робочий стіл\\students_site_hexagonal_architecture\\interfaces\\web\\controllers\\priceController.js","statementMap":{"0":{"start":{"line":1,"column":21},"end":{"line":1,"column":74}},"1":{"start":{"line":5,"column":4},"end":{"line":15,"column":5}},"2":{"start":{"line":6,"column":22},"end":{"line":6,"column":40}},"3":{"start":{"line":7,"column":21},"end":{"line":7,"column":46}},"4":{"start":{"line":8,"column":6},"end":{"line":8,"column":23}},"5":{"start":{"line":10,"column":6},"end":{"line":10,"column":50}},"6":{"start":{"line":11,"column":6},"end":{"line":14,"column":9}},"7":{"start":{"line":19,"column":0},"end":{"line":19,"column":33}}},"fnMap":{"0":{"name":"(anonymous_0)","decl":{"start":{"line":4,"column":2},"end":{"line":4,"column":3}},"loc":{"start":{"line":4,"column":35},"end":{"line":16,"column":3}},"line":4}},"branchMap":{},"s":{"0":1,"1":2,"2":2,"3":2,"4":1,"5":1,"6":1,"7":1},"f":{"0":2},"b":{},"_coverageSchema":"1a1c01bbd47fc00a2c39e90264f33305004495a9","hash":"f3d7d303628b9eb79e9e79fad6545af788f2fe03"}
,"C:\\Users\\anast\\OneDrive\\Робочий стіл\\students_site_hexagonal_architecture\\interfaces\\web\\controllers\\selectDataController.js": {"path":"C:\\Users\\anast\\OneDrive\\Робочий стіл\\students_site_hexagonal_architecture\\interfaces\\web\\controllers\\selectDataController.js","statementMap":{"0":{"start":{"line":3,"column":4},"end":{"line":3,"column":47}},"1":{"start":{"line":7,"column":4},"end":{"line":15,"column":5}},"2":{"start":{"line":8,"column":6},"end":{"line":8,"column":51}},"3":{"start":{"line":9,"column":24},"end":{"line":9,"column":67}},"4":{"start":{"line":10,"column":6},"end":{"line":10,"column":73}},"5":{"start":{"line":11,"column":6},"end":{"line":11,"column":26}},"6":{"start":{"line":13,"column":6},"end":{"line":13,"column":64}},"7":{"start":{"line":14,"column":6},"end":{"line":14,"column":53}},"8":{"start":{"line":19,"column":4},"end":{"line":31,"column":5}},"9":{"start":{"line":20,"column":24},"end":{"line":20,"column":44}},"10":{"start":{"line":21,"column":6},"end":{"line":21,"column":81}},"11":{"start":{"line":24,"column":26},"end":{"line":24,"column":91}},"12":{"start":{"line":26,"column":6},"end":{"line":26,"column":77}},"13":{"start":{"line":27,"column":6},"end":{"line":27,"column":28}},"14":{"start":{"line":29,"column":6},"end":{"line":29,"column":66}},"15":{"start":{"line":30,"column":6},"end":{"line":30,"column":53}},"16":{"start":{"line":35,"column":4},"end":{"line":43,"column":5}},"17":{"start":{"line":36,"column":6},"end":{"line":36,"column":50}},"18":{"start":{"line":37,"column":23},"end":{"line":37,"column":65}},"19":{"start":{"line":38,"column":6},"end":{"line":38,"column":71}},"20":{"start":{"line":39,"column":6},"end":{"line":39,"column":25}},"21":{"start":{"line":41,"column":6},"end":{"line":41,"column":63}},"22":{"start":{"line":42,"column":6},"end":{"line":42,"column":53}},"23":{"start":{"line":47,"column":0},"end":{"line":47,"column":38}}},"fnMap":{"0":{"name":"(anonymous_0)","decl":{"start":{"line":2,"column":2},"end":{"line":2,"column":3}},"loc":{"start":{"line":2,"column":33},"end":{"line":4,"column":3}},"line":2},"1":{"name":"(anonymous_1)","decl":{"start":{"line":6,"column":2},"end":{"line":6,"column":3}},"loc":{"start":{"line":6,"column":31},"end":{"line":16,"column":3}},"line":6},"2":{"name":"(anonymous_2)","decl":{"start":{"line":18,"column":2},"end":{"line":18,"column":3}},"loc":{"start":{"line":18,"column":33},"end":{"line":32,"column":3}},"line":18},"3":{"name":"(anonymous_3)","decl":{"start":{"line":34,"column":2},"end":{"line":34,"column":3}},"loc":{"start":{"line":34,"column":30},"end":{"line":44,"column":3}},"line":34}},"branchMap":{},"s":{"0":1,"1":2,"2":2,"3":2,"4":1,"5":1,"6":1,"7":1,"8":2,"9":2,"10":2,"11":2,"12":1,"13":1,"14":1,"15":1,"16":2,"17":2,"18":2,"19":1,"20":1,"21":1,"22":1,"23":1},"f":{"0":1,"1":2,"2":2,"3":2},"b":{},"_coverageSchema":"1a1c01bbd47fc00a2c39e90264f33305004495a9","hash":"ba7846c9f6a4bc0200985654b0d048c8abb6c8ff"}
,"C:\\Users\\anast\\OneDrive\\Робочий стіл\\students_site_hexagonal_architecture\\interfaces\\web\\controllers\\specialtyController.js": {"path":"C:\\Users\\anast\\OneDrive\\Робочий стіл\\students_site_hexagonal_architecture\\interfaces\\web\\controllers\\specialtyController.js","statementMap":{"0":{"start":{"line":1,"column":25},"end":{"line":1,"column":82}},"1":{"start":{"line":2,"column":28},"end":{"line":2,"column":95}},"2":{"start":{"line":4,"column":28},"end":{"line":4,"column":53}},"3":{"start":{"line":5,"column":25},"end":{"line":5,"column":66}},"4":{"start":{"line":9,"column":4},"end":{"line":9,"column":49}},"5":{"start":{"line":10,"column":4},"end":{"line":17,"column":5}},"6":{"start":{"line":11,"column":26},"end":{"line":11,"column":65}},"7":{"start":{"line":12,"column":6},"end":{"line":12,"column":55}},"8":{"start":{"line":13,"column":6},"end":{"line":13,"column":34}},"9":{"start":{"line":15,"column":6},"end":{"line":15,"column":76}},"10":{"start":{"line":16,"column":6},"end":{"line":16,"column":75}},"11":{"start":{"line":21,"column":4},"end":{"line":21,"column":60}},"12":{"start":{"line":22,"column":4},"end":{"line":31,"column":5}},"13":{"start":{"line":23,"column":24},"end":{"line":23,"column":58}},"14":{"start":{"line":24,"column":6},"end":{"line":24,"column":44}},"15":{"start":{"line":25,"column":26},"end":{"line":25,"column":83}},"16":{"start":{"line":26,"column":6},"end":{"line":26,"column":67}},"17":{"start":{"line":27,"column":6},"end":{"line":27,"column":34}},"18":{"start":{"line":29,"column":6},"end":{"line":29,"column":85}},"19":{"start":{"line":30,"column":6},"end":{"line":30,"column":75}},"20":{"start":{"line":35,"column":0},"end":{"line":35,"column":37}}},"fnMap":{"0":{"name":"(anonymous_0)","decl":{"start":{"line":8,"column":2},"end":{"line":8,"column":3}},"loc":{"start":{"line":8,"column":40},"end":{"line":18,"column":3}},"line":8},"1":{"name":"(anonymous_1)","decl":{"start":{"line":20,"column":2},"end":{"line":20,"column":3}},"loc":{"start":{"line":20,"column":49},"end":{"line":32,"column":3}},"line":20}},"branchMap":{"0":{"loc":{"start":{"line":13,"column":15},"end":{"line":13,"column":32}},"type":"binary-expr","locations":[{"start":{"line":13,"column":15},"end":{"line":13,"column":26}},{"start":{"line":13,"column":30},"end":{"line":13,"column":32}}],"line":13},"1":{"loc":{"start":{"line":27,"column":15},"end":{"line":27,"column":32}},"type":"binary-expr","locations":[{"start":{"line":27,"column":15},"end":{"line":27,"column":26}},{"start":{"line":27,"column":30},"end":{"line":27,"column":32}}],"line":27}},"s":{"0":1,"1":1,"2":1,"3":1,"4":3,"5":3,"6":3,"7":2,"8":2,"9":1,"10":1,"11":0,"12":0,"13":0,"14":0,"15":0,"16":0,"17":0,"18":0,"19":0,"20":1},"f":{"0":3,"1":0},"b":{"0":[2,1],"1":[0,0]},"_coverageSchema":"1a1c01bbd47fc00a2c39e90264f33305004495a9","hash":"ac23df6f20aa7d1c180b32b1166fbcfb94396372"}
,"C:\\Users\\anast\\OneDrive\\Робочий стіл\\students_site_hexagonal_architecture\\interfaces\\web\\controllers\\studentController.js": {"path":"C:\\Users\\anast\\OneDrive\\Робочий стіл\\students_site_hexagonal_architecture\\interfaces\\web\\controllers\\studentController.js","statementMap":{"0":{"start":{"line":3,"column":4},"end":{"line":3,"column":41}},"1":{"start":{"line":7,"column":4},"end":{"line":16,"column":5}},"2":{"start":{"line":8,"column":24},"end":{"line":8,"column":64}},"3":{"start":{"line":9,"column":6},"end":{"line":9,"column":26}},"4":{"start":{"line":11,"column":6},"end":{"line":11,"column":55}},"5":{"start":{"line":12,"column":6},"end":{"line":15,"column":9}},"6":{"start":{"line":20,"column":4},"end":{"line":29,"column":5}},"7":{"start":{"line":21,"column":26},"end":{"line":21,"column":88}},"8":{"start":{"line":22,"column":6},"end":{"line":22,"column":28}},"9":{"start":{"line":24,"column":6},"end":{"line":24,"column":57}},"10":{"start":{"line":25,"column":6},"end":{"line":28,"column":9}},"11":{"start":{"line":33,"column":4},"end":{"line":42,"column":5}},"12":{"start":{"line":34,"column":23},"end":{"line":34,"column":62}},"13":{"start":{"line":35,"column":6},"end":{"line":35,"column":25}},"14":{"start":{"line":37,"column":6},"end":{"line":37,"column":54}},"15":{"start":{"line":38,"column":6},"end":{"line":41,"column":9}},"16":{"start":{"line":46,"column":4},"end":{"line":55,"column":5}},"17":{"start":{"line":47,"column":24},"end":{"line":47,"column":81}},"18":{"start":{"line":48,"column":6},"end":{"line":48,"column":26}},"19":{"start":{"line":50,"column":6},"end":{"line":50,"column":55}},"20":{"start":{"line":51,"column":6},"end":{"line":54,"column":9}},"21":{"start":{"line":59,"column":4},"end":{"line":69,"column":5}},"22":{"start":{"line":60,"column":21},"end":{"line":60,"column":74}},"23":{"start":{"line":61,"column":6},"end":{"line":61,"column":23}},"24":{"start":{"line":63,"column":6},"end":{"line":63,"column":60}},"25":{"start":{"line":64,"column":25},"end":{"line":64,"column":70}},"26":{"start":{"line":65,"column":6},"end":{"line":68,"column":9}},"27":{"start":{"line":73,"column":0},"end":{"line":73,"column":35}}},"fnMap":{"0":{"name":"(anonymous_0)","decl":{"start":{"line":2,"column":2},"end":{"line":2,"column":3}},"loc":{"start":{"line":2,"column":30},"end":{"line":4,"column":3}},"line":2},"1":{"name":"(anonymous_1)","decl":{"start":{"line":6,"column":2},"end":{"line":6,"column":3}},"loc":{"start":{"line":6,"column":31},"end":{"line":17,"column":3}},"line":6},"2":{"name":"(anonymous_2)","decl":{"start":{"line":19,"column":2},"end":{"line":19,"column":3}},"loc":{"start":{"line":19,"column":33},"end":{"line":30,"column":3}},"line":19},"3":{"name":"(anonymous_3)","decl":{"start":{"line":32,"column":2},"end":{"line":32,"column":3}},"loc":{"start":{"line":32,"column":30},"end":{"line":43,"column":3}},"line":32},"4":{"name":"(anonymous_4)","decl":{"start":{"line":45,"column":2},"end":{"line":45,"column":3}},"loc":{"start":{"line":45,"column":31},"end":{"line":56,"column":3}},"line":45},"5":{"name":"(anonymous_5)","decl":{"start":{"line":58,"column":2},"end":{"line":58,"column":3}},"loc":{"start":{"line":58,"column":36},"end":{"line":70,"column":3}},"line":58}},"branchMap":{"0":{"loc":{"start":{"line":14,"column":17},"end":{"line":14,"column":83}},"type":"cond-expr","locations":[{"start":{"line":14,"column":58},"end":{"line":14,"column":71}},{"start":{"line":14,"column":74},"end":{"line":14,"column":83}}],"line":14},"1":{"loc":{"start":{"line":27,"column":17},"end":{"line":27,"column":83}},"type":"cond-expr","locations":[{"start":{"line":27,"column":58},"end":{"line":27,"column":71}},{"start":{"line":27,"column":74},"end":{"line":27,"column":83}}],"line":27},"2":{"loc":{"start":{"line":40,"column":17},"end":{"line":40,"column":83}},"type":"cond-expr","locations":[{"start":{"line":40,"column":58},"end":{"line":40,"column":71}},{"start":{"line":40,"column":74},"end":{"line":40,"column":83}}],"line":40},"3":{"loc":{"start":{"line":53,"column":17},"end":{"line":53,"column":83}},"type":"cond-expr","locations":[{"start":{"line":53,"column":58},"end":{"line":53,"column":71}},{"start":{"line":53,"column":74},"end":{"line":53,"column":83}}],"line":53},"4":{"loc":{"start":{"line":64,"column":25},"end":{"line":64,"column":70}},"type":"cond-expr","locations":[{"start":{"line":64,"column":61},"end":{"line":64,"column":64}},{"start":{"line":64,"column":67},"end":{"line":64,"column":70}}],"line":64},"5":{"loc":{"start":{"line":66,"column":15},"end":{"line":66,"column":62}},"type":"binary-expr","locations":[{"start":{"line":66,"column":15},"end":{"line":66,"column":28}},{"start":{"line":66,"column":32},"end":{"line":66,"column":62}}],"line":66},"6":{"loc":{"start":{"line":67,"column":17},"end":{"line":67,"column":81}},"type":"cond-expr","locations":[{"start":{"line":67,"column":58},"end":{"line":67,"column":69}},{"start":{"line":67,"column":72},"end":{"line":67,"column":81}}],"line":67}},"s":{"0":1,"1":2,"2":2,"3":1,"4":1,"5":1,"6":2,"7":2,"8":1,"9":1,"10":1,"11":2,"12":2,"13":1,"14":1,"15":1,"16":2,"17":2,"18":1,"19":1,"20":1,"21":3,"22":3,"23":1,"24":2,"25":2,"26":2,"27":1},"f":{"0":1,"1":2,"2":2,"3":2,"4":2,"5":3},"b":{"0":[0,1],"1":[0,1],"2":[0,1],"3":[0,1],"4":[1,1],"5":[2,0],"6":[0,2]},"_coverageSchema":"1a1c01bbd47fc00a2c39e90264f33305004495a9","hash":"b88eaa869b6bf79942ca80969d50c9f02550069c"}
}
