TN:
SF:config.js
FNF:0
FNH:0
DA:1,18
LF:1
LH:1
BRDA:3,0,0,18
BRDA:3,0,1,18
BRDA:4,1,0,18
BRDA:4,1,1,18
BRDA:5,2,0,18
BRDA:5,2,1,18
BRDA:6,3,0,18
BRDA:6,3,1,18
BRDA:7,4,0,18
BRDA:7,4,1,18
BRDA:10,5,0,18
BRDA:10,5,1,18
BRDA:11,6,0,18
BRDA:11,6,1,18
BRDA:14,7,0,18
BRDA:14,7,1,18
BRF:16
BRH:16
end_of_record
TN:
SF:application\services\ApplicationService.js
FN:7,(anonymous_0)
FN:12,(anonymous_1)
FN:16,(anonymous_2)
FN:43,(anonymous_3)
FN:47,(anonymous_4)
FNF:5
FNH:5
FNDA:8,(anonymous_0)
FNDA:2,(anonymous_1)
FNDA:2,(anonymous_2)
FNDA:2,(anonymous_3)
FNDA:2,(anonymous_4)
DA:1,3
DA:2,3
DA:3,3
DA:4,3
DA:8,8
DA:9,8
DA:13,2
DA:17,2
DA:44,2
DA:48,2
DA:52,3
LF:11
LH:11
BRF:0
BRH:0
end_of_record
TN:
SF:application\services\BenefitService.js
FN:4,(anonymous_0)
FN:16,(anonymous_1)
FN:20,(anonymous_2)
FN:24,(anonymous_3)
FNF:4
FNH:4
FNDA:2,(anonymous_0)
FNDA:7,(anonymous_1)
FNDA:3,(anonymous_2)
FNDA:2,(anonymous_3)
DA:1,2
DA:5,2
DA:6,2
DA:7,2
DA:8,1
DA:9,1
DA:11,1
DA:12,1
DA:17,7
DA:21,3
DA:25,2
DA:29,2
LF:12
LH:12
BRF:0
BRH:0
end_of_record
TN:
SF:application\services\DormitoryService.js
FN:5,(anonymous_0)
FN:9,(anonymous_1)
FN:19,(anonymous_2)
FN:29,(anonymous_3)
FN:38,(anonymous_4)
FNF:5
FNH:5
FNDA:11,(anonymous_0)
FNDA:3,(anonymous_1)
FNDA:2,(anonymous_2)
FNDA:3,(anonymous_3)
FNDA:3,(anonymous_4)
DA:2,2
DA:6,11
DA:10,3
DA:11,3
DA:12,3
DA:14,1
DA:15,1
DA:20,2
DA:21,2
DA:22,2
DA:24,1
DA:25,1
DA:30,3
DA:31,3
DA:32,3
DA:34,1
DA:35,1
DA:39,3
DA:43,2
LF:19
LH:19
BRF:0
BRH:0
end_of_record
TN:
SF:application\services\FacultyService.js
FN:4,(anonymous_0)
FN:8,(anonymous_1)
FN:20,(anonymous_2)
FN:24,(anonymous_3)
FN:28,(anonymous_4)
FN:32,(anonymous_5)
FNF:6
FNH:6
FNDA:13,(anonymous_0)
FNDA:2,(anonymous_1)
FNDA:3,(anonymous_2)
FNDA:2,(anonymous_3)
FNDA:3,(anonymous_4)
FNDA:3,(anonymous_5)
DA:1,2
DA:5,13
DA:9,2
DA:10,2
DA:11,2
DA:12,1
DA:13,1
DA:15,1
DA:16,1
DA:21,3
DA:25,2
DA:29,3
DA:33,3
DA:37,2
LF:14
LH:14
BRF:0
BRH:0
end_of_record
TN:
SF:application\services\PriceService.js
FN:4,(anonymous_0)
FN:8,(anonymous_1)
FN:18,(anonymous_2)
FNF:3
FNH:3
FNDA:5,(anonymous_0)
FNDA:2,(anonymous_1)
FNDA:3,(anonymous_2)
DA:1,1
DA:5,5
DA:9,2
DA:10,2
DA:11,2
DA:13,1
DA:14,1
DA:19,3
DA:20,3
DA:21,3
DA:23,1
DA:24,1
DA:29,1
LF:13
LH:13
BRF:0
BRH:0
end_of_record
TN:
SF:application\services\SpecialtyService.js
FN:4,(anonymous_0)
FN:8,(anonymous_1)
FN:20,(anonymous_2)
FN:24,(anonymous_3)
FNF:4
FNH:4
FNDA:7,(anonymous_0)
FNDA:2,(anonymous_1)
FNDA:2,(anonymous_2)
FNDA:2,(anonymous_3)
DA:1,2
DA:5,7
DA:9,2
DA:10,2
DA:11,2
DA:12,1
DA:13,1
DA:15,1
DA:16,1
DA:21,2
DA:25,2
DA:26,2
DA:30,2
LF:13
LH:13
BRF:0
BRH:0
end_of_record
TN:
SF:application\services\StudentService.js
FN:4,(anonymous_0)
FN:8,(anonymous_1)
FN:12,(anonymous_2)
FNF:3
FNH:3
FNDA:5,(anonymous_0)
FNDA:2,(anonymous_1)
FNDA:3,(anonymous_2)
DA:1,2
DA:5,5
DA:9,2
DA:13,3
DA:18,2
LF:5
LH:5
BRDA:12,0,0,2
BRDA:12,1,0,2
BRDA:12,2,0,2
BRF:3
BRH:3
end_of_record
TN:
SF:application\services\SuperintendentService.js
FN:14,(anonymous_0)
FN:22,(anonymous_1)
FN:26,(anonymous_2)
FN:47,(anonymous_3)
FN:61,(anonymous_4)
FN:63,(anonymous_5)
FN:66,(anonymous_6)
FN:82,(anonymous_7)
FN:97,(anonymous_8)
FN:101,(anonymous_9)
FN:109,(anonymous_10)
FN:136,(anonymous_11)
FNF:12
FNH:12
FNDA:14,(anonymous_0)
FNDA:1,(anonymous_1)
FNDA:1,(anonymous_2)
FNDA:2,(anonymous_3)
FNDA:1,(anonymous_4)
FNDA:1,(anonymous_5)
FNDA:2,(anonymous_6)
FNDA:3,(anonymous_7)
FNDA:1,(anonymous_8)
FNDA:3,(anonymous_9)
FNDA:1,(anonymous_10)
FNDA:1,(anonymous_11)
DA:1,1
DA:2,1
DA:3,1
DA:4,1
DA:5,1
DA:6,1
DA:7,1
DA:8,1
DA:9,1
DA:10,1
DA:11,1
DA:15,14
DA:16,14
DA:17,14
DA:18,14
DA:19,14
DA:23,1
DA:27,1
DA:48,2
DA:49,2
DA:50,2
DA:51,2
DA:62,1
DA:63,1
DA:67,2
DA:83,3
DA:88,3
DA:89,2
DA:92,1
DA:93,1
DA:94,1
DA:98,1
DA:102,3
DA:103,3
DA:104,2
DA:106,1
DA:110,1
DA:111,1
DA:112,1
DA:113,1
DA:114,1
DA:116,1
DA:135,1
DA:136,1
DA:140,1
LF:45
LH:45
BRDA:48,0,0,2
BRDA:48,0,1,2
BRDA:49,1,0,2
BRDA:49,1,1,1
BRDA:50,2,0,2
BRDA:50,2,1,1
BRDA:56,3,0,1
BRDA:56,3,1,1
BRDA:57,4,0,1
BRDA:57,4,1,1
BRDA:88,5,0,2
BRDA:88,5,1,1
BRDA:88,6,0,3
BRDA:88,6,1,2
BRDA:88,6,2,2
BRDA:103,7,0,2
BRDA:103,7,1,1
BRDA:103,8,0,3
BRDA:103,8,1,2
BRDA:111,9,0,1
BRDA:111,9,1,0
BRDA:112,10,0,1
BRDA:112,10,1,0
BRDA:113,11,0,0
BRDA:113,11,1,1
BRDA:114,12,0,0
BRDA:114,12,1,1
BRDA:125,13,0,0
BRDA:125,13,1,1
BRDA:130,14,0,1
BRDA:130,14,1,0
BRF:31
BRH:25
end_of_record
TN:
SF:application\use-cases\AssignRoom.js
FN:4,(anonymous_0)
FN:9,(anonymous_1)
FNF:2
FNH:2
FNDA:2,(anonymous_0)
FNDA:2,(anonymous_1)
DA:1,2
DA:5,2
DA:6,2
DA:10,2
DA:11,2
DA:12,2
DA:13,2
DA:14,2
DA:16,2
DA:28,2
LF:10
LH:10
BRF:0
BRH:0
end_of_record
TN:
SF:application\use-cases\SubmitApplication.js
FN:2,(anonymous_0)
FN:6,(anonymous_1)
FNF:2
FNH:2
FNDA:3,(anonymous_0)
FNDA:3,(anonymous_1)
DA:1,3
DA:3,3
DA:7,3
DA:9,3
DA:10,1
DA:13,2
DA:14,1
LF:7
LH:7
BRDA:9,0,0,1
BRDA:9,0,1,2
BRDA:9,1,0,3
BRDA:9,1,1,2
BRDA:9,1,2,2
BRF:5
BRH:5
end_of_record
TN:
SF:domain\models\application.js
FNF:0
FNH:0
DA:1,10
DA:2,10
DA:4,10
DA:34,10
LF:4
LH:4
BRF:0
BRH:0
end_of_record
TN:
SF:domain\models\benefit.js
FNF:0
FNH:0
DA:1,10
DA:2,10
DA:4,10
DA:20,10
LF:4
LH:4
BRF:0
BRH:0
end_of_record
TN:
SF:domain\models\dormitory.js
FNF:0
FNH:0
DA:1,13
DA:2,13
DA:4,13
DA:40,13
LF:4
LH:4
BRF:0
BRH:0
end_of_record
TN:
SF:domain\models\faculty.js
FNF:0
FNH:0
DA:1,10
DA:2,10
DA:4,10
DA:20,10
LF:4
LH:4
BRF:0
BRH:0
end_of_record
TN:
SF:domain\models\price.js
FNF:0
FNH:0
DA:1,14
DA:2,14
DA:4,14
DA:20,14
LF:4
LH:4
BRF:0
BRH:0
end_of_record
TN:
SF:domain\models\room.js
FNF:0
FNH:0
DA:1,10
DA:2,10
DA:5,10
DA:35,10
LF:4
LH:4
BRF:0
BRH:0
end_of_record
TN:
SF:domain\models\specialty.js
FNF:0
FNH:0
DA:1,10
DA:2,10
DA:4,10
DA:24,10
LF:4
LH:4
BRF:0
BRH:0
end_of_record
TN:
SF:domain\models\student.js
FNF:0
FNH:0
DA:1,10
DA:2,10
DA:4,10
DA:54,10
LF:4
LH:4
BRF:0
BRH:0
end_of_record
TN:
SF:domain\models\studentOccupancy.js
FNF:0
FNH:0
DA:1,10
DA:2,10
DA:4,10
DA:45,10
LF:4
LH:4
BRF:0
BRH:0
end_of_record
TN:
SF:domain\models\superintendent.js
FNF:0
FNH:0
DA:1,11
DA:2,11
DA:5,11
DA:36,11
LF:4
LH:4
BRF:0
BRH:0
end_of_record
TN:
SF:infrastructure\database\models.js
FNF:0
FNH:0
DA:1,10
DA:2,10
DA:3,10
DA:4,10
DA:5,10
DA:6,10
DA:7,10
DA:8,10
DA:9,10
DA:10,10
DA:11,10
DA:13,10
DA:14,0
DA:18,10
DA:19,10
DA:20,10
DA:22,10
DA:23,10
DA:24,10
DA:25,10
DA:27,10
DA:28,10
DA:29,10
DA:31,10
DA:32,10
DA:34,10
DA:35,10
DA:37,10
LF:28
LH:27
BRDA:13,0,0,0
BRDA:13,0,1,10
BRF:2
BRH:1
end_of_record
TN:
SF:infrastructure\database\sequelize.js
FNF:0
FNH:0
DA:1,18
DA:2,18
DA:4,18
DA:14,18
LF:4
LH:4
BRF:0
BRH:0
end_of_record
TN:
SF:infrastructure\repositories\ApplicationRepository.js
FN:5,(anonymous_0)
FN:10,(anonymous_1)
FN:38,(anonymous_2)
FN:42,(anonymous_3)
FNF:4
FNH:0
FNDA:0,(anonymous_0)
FNDA:0,(anonymous_1)
FNDA:0,(anonymous_2)
FNDA:0,(anonymous_3)
DA:1,2
DA:2,2
DA:6,0
DA:7,0
DA:11,0
DA:39,0
DA:43,0
DA:47,2
LF:8
LH:3
BRF:0
BRH:0
end_of_record
TN:
SF:infrastructure\repositories\BenefitRepository.js
FN:4,(anonymous_0)
FN:10,(anonymous_1)
FN:14,(anonymous_2)
FNF:3
FNH:0
FNDA:0,(anonymous_0)
FNDA:0,(anonymous_1)
FNDA:0,(anonymous_2)
DA:1,2
DA:5,0
DA:11,0
DA:15,0
DA:19,2
LF:5
LH:2
BRF:0
BRH:0
end_of_record
TN:
SF:infrastructure\repositories\DormitoryRepository.js
FN:5,(anonymous_0)
FN:24,(anonymous_1)
FN:31,(anonymous_2)
FN:45,(anonymous_3)
FN:53,(anonymous_4)
FN:59,(anonymous_5)
FNF:6
FNH:0
FNDA:0,(anonymous_0)
FNDA:0,(anonymous_1)
FNDA:0,(anonymous_2)
FNDA:0,(anonymous_3)
FNDA:0,(anonymous_4)
FNDA:0,(anonymous_5)
DA:1,3
DA:2,3
DA:6,0
DA:7,0
DA:8,0
DA:12,0
DA:13,0
DA:14,0
DA:15,0
DA:17,0
DA:19,0
DA:20,0
DA:25,0
DA:26,0
DA:27,0
DA:31,0
DA:32,0
DA:33,0
DA:34,0
DA:35,0
DA:37,0
DA:40,0
DA:41,0
DA:46,0
DA:47,0
DA:49,0
DA:50,0
DA:53,0
DA:55,0
DA:56,0
DA:60,0
DA:64,3
LF:32
LH:3
BRDA:12,0,0,0
BRDA:12,0,1,0
BRDA:13,1,0,0
BRDA:13,1,1,0
BRDA:13,2,0,0
BRDA:13,2,1,0
BRDA:33,3,0,0
BRDA:33,3,1,0
BRF:8
BRH:0
end_of_record
TN:
SF:infrastructure\repositories\FacultyRepository.js
FN:4,(anonymous_0)
FN:8,(anonymous_1)
FN:12,(anonymous_2)
FN:16,(anonymous_3)
FN:22,(anonymous_4)
FNF:5
FNH:0
FNDA:0,(anonymous_0)
FNDA:0,(anonymous_1)
FNDA:0,(anonymous_2)
FNDA:0,(anonymous_3)
FNDA:0,(anonymous_4)
DA:1,2
DA:5,0
DA:9,0
DA:13,0
DA:17,0
DA:18,0
DA:19,0
DA:23,0
DA:24,0
DA:25,0
DA:29,2
LF:11
LH:2
BRDA:18,0,0,0
BRDA:18,0,1,0
BRDA:24,1,0,0
BRDA:24,1,1,0
BRF:4
BRH:0
end_of_record
TN:
SF:infrastructure\repositories\PriceRepository.js
FN:4,(anonymous_0)
FN:10,(anonymous_1)
FN:17,(anonymous_2)
FNF:3
FNH:0
FNDA:0,(anonymous_0)
FNDA:0,(anonymous_1)
FNDA:0,(anonymous_2)
DA:1,1
DA:5,0
DA:6,0
DA:7,0
DA:10,0
DA:12,0
DA:13,0
DA:18,0
DA:19,0
DA:20,0
DA:21,0
DA:26,0
DA:28,0
DA:30,0
DA:31,0
DA:36,1
LF:16
LH:2
BRDA:26,0,0,0
BRDA:26,0,1,0
BRDA:28,1,0,0
BRDA:28,1,1,0
BRF:4
BRH:0
end_of_record
TN:
SF:infrastructure\repositories\SpecialtyRepository.js
FN:4,(anonymous_0)
FN:10,(anonymous_1)
FN:14,(anonymous_2)
FNF:3
FNH:0
FNDA:0,(anonymous_0)
FNDA:0,(anonymous_1)
FNDA:0,(anonymous_2)
DA:1,2
DA:5,0
DA:11,0
DA:15,0
DA:16,0
DA:20,0
DA:21,0
DA:25,2
LF:8
LH:2
BRF:0
BRH:0
end_of_record
TN:
SF:infrastructure\repositories\StudentRepository.js
FN:4,(anonymous_0)
FN:8,(anonymous_1)
FN:15,(anonymous_2)
FN:23,(anonymous_3)
FN:27,(anonymous_4)
FNF:5
FNH:0
FNDA:0,(anonymous_0)
FNDA:0,(anonymous_1)
FNDA:0,(anonymous_2)
FNDA:0,(anonymous_3)
FNDA:0,(anonymous_4)
DA:1,2
DA:5,0
DA:9,0
DA:16,0
DA:24,0
DA:28,0
DA:32,2
LF:7
LH:2
BRDA:11,0,0,0
BRDA:11,0,1,0
BRF:2
BRH:0
end_of_record
TN:
SF:infrastructure\repositories\SuperintendentRepository.js
FN:4,(anonymous_0)
FNF:1
FNH:0
FNDA:0,(anonymous_0)
DA:1,1
DA:5,0
DA:9,1
LF:3
LH:2
BRF:0
BRH:0
end_of_record
TN:
SF:interfaces\web\controllers\applicationController.js
FN:8,(anonymous_0)
FN:73,(anonymous_1)
FN:83,(anonymous_2)
FN:158,(anonymous_3)
FNF:4
FNH:3
FNDA:2,(anonymous_0)
FNDA:0,(anonymous_1)
FNDA:3,(anonymous_2)
FNDA:1,(anonymous_3)
DA:1,1
DA:2,1
DA:3,1
DA:5,1
DA:6,1
DA:8,1
DA:9,2
DA:10,2
DA:27,2
DA:29,2
DA:30,2
DA:31,2
DA:33,2
DA:34,1
DA:35,1
DA:38,1
DA:39,1
DA:40,1
DA:42,1
DA:43,1
DA:44,1
DA:47,0
DA:65,0
DA:66,0
DA:68,0
DA:69,0
DA:73,1
DA:74,0
DA:75,0
DA:76,0
DA:78,0
DA:79,0
DA:83,1
DA:84,3
DA:85,3
DA:87,3
DA:88,1
DA:91,2
DA:92,2
DA:93,1
DA:96,1
DA:97,1
DA:98,0
DA:102,1
DA:103,1
DA:104,1
DA:105,1
DA:109,0
DA:124,0
DA:149,0
DA:151,0
DA:153,0
DA:154,0
DA:158,1
DA:159,1
DA:160,1
DA:161,1
DA:162,1
DA:163,1
DA:166,0
DA:167,0
DA:169,0
DA:170,0
DA:174,1
LF:64
LH:43
BRDA:33,0,0,1
BRDA:33,0,1,1
BRDA:33,1,0,2
BRDA:33,1,1,1
BRDA:33,1,2,1
BRDA:42,2,0,1
BRDA:42,2,1,0
BRDA:42,3,0,1
BRDA:42,3,1,0
BRDA:42,3,2,0
BRDA:87,4,0,1
BRDA:87,4,1,2
BRDA:87,5,0,3
BRDA:87,5,1,3
BRDA:87,5,2,2
BRDA:92,6,0,1
BRDA:92,6,1,1
BRDA:97,7,0,0
BRDA:97,7,1,1
BRDA:104,8,0,1
BRDA:104,8,1,0
BRDA:162,9,0,1
BRDA:162,9,1,0
BRF:23
BRH:17
end_of_record
TN:
SF:interfaces\web\controllers\benefitController.js
FN:4,(anonymous_0)
FNF:1
FNH:1
FNDA:3,(anonymous_0)
DA:1,1
DA:5,3
DA:6,3
DA:7,3
DA:8,2
DA:9,2
DA:11,1
DA:12,1
DA:17,1
LF:9
LH:9
BRDA:9,0,0,2
BRDA:9,0,1,1
BRF:2
BRH:2
end_of_record
TN:
SF:interfaces\web\controllers\dormitoryController.js
FN:4,(anonymous_0)
FN:15,(anonymous_1)
FN:30,(anonymous_2)
FNF:3
FNH:3
FNDA:2,(anonymous_0)
FNDA:3,(anonymous_1)
FNDA:3,(anonymous_2)
DA:1,1
DA:5,2
DA:6,2
DA:7,2
DA:8,1
DA:10,1
DA:11,1
DA:16,3
DA:17,3
DA:18,3
DA:19,3
DA:20,2
DA:21,1
DA:23,1
DA:25,1
DA:26,1
DA:31,3
DA:32,3
DA:33,3
DA:34,3
DA:35,2
DA:37,1
DA:38,1
DA:43,1
LF:24
LH:24
BRDA:20,0,0,1
BRDA:20,0,1,1
BRDA:35,1,0,2
BRDA:35,1,1,1
BRF:4
BRH:4
end_of_record
TN:
SF:interfaces\web\controllers\facultyController.js
FN:4,(anonymous_0)
FNF:1
FNH:1
FNDA:3,(anonymous_0)
DA:1,1
DA:5,3
DA:6,3
DA:7,3
DA:8,2
DA:9,2
DA:11,1
DA:12,1
DA:17,1
LF:9
LH:9
BRDA:9,0,0,2
BRDA:9,0,1,1
BRF:2
BRH:2
end_of_record
TN:
SF:interfaces\web\controllers\priceController.js
FN:4,(anonymous_0)
FNF:1
FNH:1
FNDA:2,(anonymous_0)
DA:1,1
DA:5,2
DA:6,2
DA:7,2
DA:8,1
DA:10,1
DA:11,1
DA:19,1
LF:8
LH:8
BRF:0
BRH:0
end_of_record
TN:
SF:interfaces\web\controllers\selectDataController.js
FN:2,(anonymous_0)
FN:6,(anonymous_1)
FN:18,(anonymous_2)
FN:34,(anonymous_3)
FNF:4
FNH:4
FNDA:1,(anonymous_0)
FNDA:2,(anonymous_1)
FNDA:2,(anonymous_2)
FNDA:2,(anonymous_3)
DA:3,1
DA:7,2
DA:8,2
DA:9,2
DA:10,1
DA:11,1
DA:13,1
DA:14,1
DA:19,2
DA:20,2
DA:21,2
DA:24,2
DA:26,1
DA:27,1
DA:29,1
DA:30,1
DA:35,2
DA:36,2
DA:37,2
DA:38,1
DA:39,1
DA:41,1
DA:42,1
DA:47,1
LF:24
LH:24
BRF:0
BRH:0
end_of_record
TN:
SF:interfaces\web\controllers\specialtyController.js
FN:8,(anonymous_0)
FN:20,(anonymous_1)
FNF:2
FNH:1
FNDA:3,(anonymous_0)
FNDA:0,(anonymous_1)
DA:1,1
DA:2,1
DA:4,1
DA:5,1
DA:9,3
DA:10,3
DA:11,3
DA:12,2
DA:13,2
DA:15,1
DA:16,1
DA:21,0
DA:22,0
DA:23,0
DA:24,0
DA:25,0
DA:26,0
DA:27,0
DA:29,0
DA:30,0
DA:35,1
LF:21
LH:12
BRDA:13,0,0,2
BRDA:13,0,1,1
BRDA:27,1,0,0
BRDA:27,1,1,0
BRF:4
BRH:2
end_of_record
TN:
SF:interfaces\web\controllers\studentController.js
FN:2,(anonymous_0)
FN:6,(anonymous_1)
FN:19,(anonymous_2)
FN:32,(anonymous_3)
FN:45,(anonymous_4)
FN:58,(anonymous_5)
FNF:6
FNH:6
FNDA:1,(anonymous_0)
FNDA:2,(anonymous_1)
FNDA:2,(anonymous_2)
FNDA:2,(anonymous_3)
FNDA:2,(anonymous_4)
FNDA:3,(anonymous_5)
DA:3,1
DA:7,2
DA:8,2
DA:9,1
DA:11,1
DA:12,1
DA:20,2
DA:21,2
DA:22,1
DA:24,1
DA:25,1
DA:33,2
DA:34,2
DA:35,1
DA:37,1
DA:38,1
DA:46,2
DA:47,2
DA:48,1
DA:50,1
DA:51,1
DA:59,3
DA:60,3
DA:61,1
DA:63,2
DA:64,2
DA:65,2
DA:73,1
LF:28
LH:28
BRDA:14,0,0,0
BRDA:14,0,1,1
BRDA:27,1,0,0
BRDA:27,1,1,1
BRDA:40,2,0,0
BRDA:40,2,1,1
BRDA:53,3,0,0
BRDA:53,3,1,1
BRDA:64,4,0,1
BRDA:64,4,1,1
BRDA:66,5,0,2
BRDA:66,5,1,0
BRDA:67,6,0,0
BRDA:67,6,1,2
BRF:14
BRH:8
end_of_record
